<?xml version="1.0" encoding="UTF-8"?>
<testsuite xmlns:xsi="http://www.w3.org/2001/XMLSchema-instance" xsi:noNamespaceSchemaLocation="https://maven.apache.org/surefire/maven-surefire-plugin/xsd/surefire-test-report-3.0.xsd" version="3.0" name="com.monefy.automation.fe.testRunner.TestRunner" time="62.237" tests="8" errors="0" skipped="0" failures="0">
  <properties>
[...]
</properties>
  <testcase name="Adding income Deposit to expense report" classname="Adding expense and income to monefy app and verifying if correct values are reflected" time="15.632">
    <system-out><![CDATA[
Scenario: Adding income Deposit to expense report &amp#27;[90m# src/test/resources/features/fe/HomeScreen.feature:3&amp#27;[0m
  &amp#27;[32mGiven &amp#27;[0m&amp#27;[32mincome balance as &amp#27;[0m&amp#27;[32m&amp#27;[1m'$0.00'&amp#27;[0m                 &amp#27;[90m# com.monefy.automation.fe.serenityDefinitions.HomeScreenDefinition.balanceAs(java.lang.String)&amp#27;[0m
  &amp#27;[32mAnd &amp#27;[0m&amp#27;[32muser clicks on income button&amp#27;[0m                &amp#27;[90m# com.monefy.automation.fe.serenityDefinitions.HomeScreenDefinition.userClicksOnIncomeButton()&amp#27;[0m
  &amp#27;[32mThen &amp#27;[0m&amp#27;[32muser enters &amp#27;[0m&amp#27;[32m&amp#27;[1m'90'&amp#27;[0m&amp#27;[32m as amount&amp#27;[0m                 &amp#27;[90m# com.monefy.automation.fe.serenityDefinitions.SelectMoneyDefinitions.userEntersAndAsIncome(java.lang.String)&amp#27;[0m
  &amp#27;[32mAnd &amp#27;[0m&amp#27;[32mclicks on choose category&amp#27;[0m                   &amp#27;[90m# com.monefy.automation.fe.serenityDefinitions.SelectMoneyDefinitions.clicksOnChooseCategory()&amp#27;[0m
  &amp#27;[32mAnd &amp#27;[0m&amp#27;[32muser chooses category as &amp#27;[0m&amp#27;[32m&amp#27;[1m'Deposits'&amp#27;[0m         &amp#27;[90m# com.monefy.automation.fe.serenityDefinitions.IncomeScreenDefinition.userChoosesCategoryAsDeposits(java.lang.String)&amp#27;[0m
  &amp#27;[32mThen &amp#27;[0m&amp#27;[32mincome balance should be &amp#27;[0m&amp#27;[32m&amp#27;[1m'$90.00'&amp#27;[0m          &amp#27;[90m# com.monefy.automation.fe.serenityDefinitions.HomeScreenDefinition.balanceShouldBe(java.lang.String)&amp#27;[0m
]]></system-out>
    <system-err><![CDATA[SLF4J: Class path contains multiple SLF4J bindings.
SLF4J: Found binding in [jar:file:/Users/kushwmeg/.m2/repository/org/slf4j/slf4j-simple/1.7.21/slf4j-simple-1.7.21.jar!/org/slf4j/impl/StaticLoggerBinder.class]
SLF4J: Found binding in [jar:file:/Users/kushwmeg/.m2/repository/org/slf4j/slf4j-log4j12/1.6.1/slf4j-log4j12-1.6.1.jar!/org/slf4j/impl/StaticLoggerBinder.class]
SLF4J: See http://www.slf4j.org/codes.html#multiple_bindings for an explanation.
SLF4J: Actual binding is of type [org.slf4j.impl.SimpleLoggerFactory]
[main] INFO io.cucumber.core.plugin.SerenityReporter - Running feature from file:///Users/kushwmeg/IdeaProjects/monefy-automation/src/test/resources/features/fe/HomeScreen.feature
[main] INFO  - &amp#27;[96m

-------------------------------------------------------------------------------------
     _______. _______ .______       _______ .__   __.  __  .___________.____    ____ 
    /       ||   ____||   _  \     |   ____||  \ |  | |  | |           |\   \  /   / 
   |   (----`|  |__   |  |_)  |    |  |__   |   \|  | |  | `---|  |----` \   \/   /  
    \   \    |   __|  |      /     |   __|  |  . `  | |  |     |  |       \_    _/   
.----)   |   |  |____ |  |\  \----.|  |____ |  |\   | |  |     |  |         |  |     
|_______/    |_______|| _| `._____||_______||__| \__| |__|     |__|         |__|    
                                                                                     
 News and tutorials at http://www.serenity-bdd.info                                  
 Documentation at https://wakaleo.gitbooks.io/the-serenity-book/content/             
 Join the Serenity Community on Gitter: https://gitter.im/serenity-bdd/serenity-core 
 Serenity BDD Support and Training at http://serenity-bdd.info/#/trainingandsupport  
-------------------------------------------------------------------------------------
&amp#27;[0m
[main] INFO  - Test Suite Started: Adding expense and income to monefy app and verifying if correct values are reflected
[main] INFO io.cucumber.core.plugin.SerenityReporter - Running feature from file:///Users/kushwmeg/IdeaProjects/monefy-automation/src/test/resources/features/fe/HomeScreen.feature
[main] INFO  - 
 _____ _____ ____ _____   ____ _____  _    ____ _____ _____ ____  
|_   _| ____/ ___|_   _| / ___|_   _|/ \  |  _ \_   _| ____|  _ \ 
  | | |  _| \___ \ | |   \___ \ | | / _ \ | |_) || | |  _| | | | |
  | | | |___ ___) || |    ___) || |/ ___ \|  _ < | | | |___| |_| |
  |_| |_____|____/ |_|   |____/ |_/_/   \_\_| \_\|_| |_____|____/ 

Adding income Deposit to expense report(adding-expense-and-income-to-monefy-app-and-verifying-if-correct-values-are-reflected;adding-income-deposit-to-expense-report)
-------------------------------------------------------------------
log4j:WARN No appenders could be found for logger (rp.org.apache.http.impl.conn.PoolingHttpClientConnectionManager).
log4j:WARN Please initialize the log4j system properly.
log4j:WARN See http://logging.apache.org/log4j/1.2/faq.html#noconfig for more info.
Nov 29, 2021 10:36:55 PM io.appium.java_client.remote.AppiumCommandExecutor$1 lambda$0
INFO: Detected dialect: W3C
[main] INFO  - &amp#27;[92m
        __    _____ _____ ____ _____   ____   _    ____  ____  _____ ____  
  _     \ \  |_   _| ____/ ___|_   _| |  _ \ / \  / ___|/ ___|| ____|  _ \ 
 (_)_____| |   | | |  _| \___ \ | |   | |_) / _ \ \___ \\___ \|  _| | | | |
  _|_____| |   | | | |___ ___) || |   |  __/ ___ \ ___) |___) | |___| |_| |
 (_)     | |   |_| |_____|____/ |_|   |_| /_/   \_\____/|____/|_____|____/ 
        /_/                                                                

Adding income Deposit to expense report
----------------------------------------------------------------------------&amp#27;[0m
]]></system-err>
  </testcase>
  <testcase name="Adding income Salary to expense report" classname="Adding expense and income to monefy app and verifying if correct values are reflected" time="6.398">
    <system-out><![CDATA[
Scenario: Adding income Salary to expense report &amp#27;[90m# src/test/resources/features/fe/HomeScreen.feature:11&amp#27;[0m
  &amp#27;[32mGiven &amp#27;[0m&amp#27;[32mincome balance as &amp#27;[0m&amp#27;[32m&amp#27;[1m'$90.00'&amp#27;[0m               &amp#27;[90m# com.monefy.automation.fe.serenityDefinitions.HomeScreenDefinition.balanceAs(java.lang.String)&amp#27;[0m
  &amp#27;[32mAnd &amp#27;[0m&amp#27;[32muser clicks on income button&amp#27;[0m               &amp#27;[90m# com.monefy.automation.fe.serenityDefinitions.HomeScreenDefinition.userClicksOnIncomeButton()&amp#27;[0m
  &amp#27;[32mThen &amp#27;[0m&amp#27;[32muser enters &amp#27;[0m&amp#27;[32m&amp#27;[1m'90'&amp#27;[0m&amp#27;[32m as amount&amp#27;[0m                &amp#27;[90m# com.monefy.automation.fe.serenityDefinitions.SelectMoneyDefinitions.userEntersAndAsIncome(java.lang.String)&amp#27;[0m
  &amp#27;[32mAnd &amp#27;[0m&amp#27;[32mclicks on choose category&amp#27;[0m                  &amp#27;[90m# com.monefy.automation.fe.serenityDefinitions.SelectMoneyDefinitions.clicksOnChooseCategory()&amp#27;[0m
  &amp#27;[32mAnd &amp#27;[0m&amp#27;[32muser chooses category as &amp#27;[0m&amp#27;[32m&amp#27;[1m'Salary'&amp#27;[0m          &amp#27;[90m# com.monefy.automation.fe.serenityDefinitions.IncomeScreenDefinition.userChoosesCategoryAsDeposits(java.lang.String)&amp#27;[0m
  &amp#27;[32mThen &amp#27;[0m&amp#27;[32mincome balance should be &amp#27;[0m&amp#27;[32m&amp#27;[1m'$180.00'&amp#27;[0m        &amp#27;[90m# com.monefy.automation.fe.serenityDefinitions.HomeScreenDefinition.balanceShouldBe(java.lang.String)&amp#27;[0m
]]></system-out>
    <system-err><![CDATA[[main] INFO io.cucumber.core.plugin.SerenityReporter - Running feature from file:///Users/kushwmeg/IdeaProjects/monefy-automation/src/test/resources/features/fe/HomeScreen.feature
[main] INFO  - 
 _____ _____ ____ _____   ____ _____  _    ____ _____ _____ ____  
|_   _| ____/ ___|_   _| / ___|_   _|/ \  |  _ \_   _| ____|  _ \ 
  | | |  _| \___ \ | |   \___ \ | | / _ \ | |_) || | |  _| | | | |
  | | | |___ ___) || |    ___) || |/ ___ \|  _ < | | | |___| |_| |
  |_| |_____|____/ |_|   |____/ |_/_/   \_\_| \_\|_| |_____|____/ 

Adding income Salary to expense report(adding-expense-and-income-to-monefy-app-and-verifying-if-correct-values-are-reflected;adding-income-salary-to-expense-report)
-------------------------------------------------------------------
[main] INFO  - &amp#27;[92m
        __    _____ _____ ____ _____   ____   _    ____  ____  _____ ____  
  _     \ \  |_   _| ____/ ___|_   _| |  _ \ / \  / ___|/ ___|| ____|  _ \ 
 (_)_____| |   | | |  _| \___ \ | |   | |_) / _ \ \___ \\___ \|  _| | | | |
  _|_____| |   | | | |___ ___) || |   |  __/ ___ \ ___) |___) | |___| |_| |
 (_)     | |   |_| |_____|____/ |_|   |_| /_/   \_\____/|____/|_____|____/ 
        /_/                                                                

Adding income Salary to expense report
----------------------------------------------------------------------------&amp#27;[0m
]]></system-err>
  </testcase>
  <testcase name="Adding income Savings to expense report" classname="Adding expense and income to monefy app and verifying if correct values are reflected" time="6.471">
    <system-out><![CDATA[
Scenario: Adding income Savings to expense report &amp#27;[90m# src/test/resources/features/fe/HomeScreen.feature:19&amp#27;[0m
  &amp#27;[32mGiven &amp#27;[0m&amp#27;[32mincome balance as &amp#27;[0m&amp#27;[32m&amp#27;[1m'$180.00'&amp#27;[0m               &amp#27;[90m# com.monefy.automation.fe.serenityDefinitions.HomeScreenDefinition.balanceAs(java.lang.String)&amp#27;[0m
  &amp#27;[32mAnd &amp#27;[0m&amp#27;[32muser clicks on income button&amp#27;[0m                &amp#27;[90m# com.monefy.automation.fe.serenityDefinitions.HomeScreenDefinition.userClicksOnIncomeButton()&amp#27;[0m
  &amp#27;[32mThen &amp#27;[0m&amp#27;[32muser enters &amp#27;[0m&amp#27;[32m&amp#27;[1m'90'&amp#27;[0m&amp#27;[32m as amount&amp#27;[0m                 &amp#27;[90m# com.monefy.automation.fe.serenityDefinitions.SelectMoneyDefinitions.userEntersAndAsIncome(java.lang.String)&amp#27;[0m
  &amp#27;[32mAnd &amp#27;[0m&amp#27;[32mclicks on choose category&amp#27;[0m                   &amp#27;[90m# com.monefy.automation.fe.serenityDefinitions.SelectMoneyDefinitions.clicksOnChooseCategory()&amp#27;[0m
  &amp#27;[32mAnd &amp#27;[0m&amp#27;[32muser chooses category as &amp#27;[0m&amp#27;[32m&amp#27;[1m'Savings'&amp#27;[0m          &amp#27;[90m# com.monefy.automation.fe.serenityDefinitions.IncomeScreenDefinition.userChoosesCategoryAsDeposits(java.lang.String)&amp#27;[0m
  &amp#27;[32mThen &amp#27;[0m&amp#27;[32mincome balance should be &amp#27;[0m&amp#27;[32m&amp#27;[1m'$270.00'&amp#27;[0m         &amp#27;[90m# com.monefy.automation.fe.serenityDefinitions.HomeScreenDefinition.balanceShouldBe(java.lang.String)&amp#27;[0m
]]></system-out>
    <system-err><![CDATA[[main] INFO io.cucumber.core.plugin.SerenityReporter - Running feature from file:///Users/kushwmeg/IdeaProjects/monefy-automation/src/test/resources/features/fe/HomeScreen.feature
[main] INFO  - 
 _____ _____ ____ _____   ____ _____  _    ____ _____ _____ ____  
|_   _| ____/ ___|_   _| / ___|_   _|/ \  |  _ \_   _| ____|  _ \ 
  | | |  _| \___ \ | |   \___ \ | | / _ \ | |_) || | |  _| | | | |
  | | | |___ ___) || |    ___) || |/ ___ \|  _ < | | | |___| |_| |
  |_| |_____|____/ |_|   |____/ |_/_/   \_\_| \_\|_| |_____|____/ 

Adding income Savings to expense report(adding-expense-and-income-to-monefy-app-and-verifying-if-correct-values-are-reflected;adding-income-savings-to-expense-report)
-------------------------------------------------------------------
[main] INFO  - &amp#27;[92m
        __    _____ _____ ____ _____   ____   _    ____  ____  _____ ____  
  _     \ \  |_   _| ____/ ___|_   _| |  _ \ / \  / ___|/ ___|| ____|  _ \ 
 (_)_____| |   | | |  _| \___ \ | |   | |_) / _ \ \___ \\___ \|  _| | | | |
  _|_____| |   | | | |___ ___) || |   |  __/ ___ \ ___) |___) | |___| |_| |
 (_)     | |   |_| |_____|____/ |_|   |_| /_/   \_\____/|____/|_____|____/ 
        /_/                                                                

Adding income Savings to expense report
----------------------------------------------------------------------------&amp#27;[0m
]]></system-err>
  </testcase>
  <testcase name="Adding expense Bills to expense report" classname="Adding expense and income to monefy app and verifying if correct values are reflected" time="6.759">
    <system-out><![CDATA[
Scenario: Adding expense Bills to expense report &amp#27;[90m# src/test/resources/features/fe/HomeScreen.feature:27&amp#27;[0m
  &amp#27;[32mGiven &amp#27;[0m&amp#27;[32mexpense balance as &amp#27;[0m&amp#27;[32m&amp#27;[1m'$0.00'&amp#27;[0m               &amp#27;[90m# com.monefy.automation.fe.serenityDefinitions.HomeScreenDefinition.expenseBalanceAs(java.lang.String)&amp#27;[0m
  &amp#27;[32mAnd &amp#27;[0m&amp#27;[32muser clicks on expense button&amp#27;[0m              &amp#27;[90m# com.monefy.automation.fe.serenityDefinitions.HomeScreenDefinition.userClicksOnExpenseButton()&amp#27;[0m
  &amp#27;[32mThen &amp#27;[0m&amp#27;[32muser enters &amp#27;[0m&amp#27;[32m&amp#27;[1m'70'&amp#27;[0m&amp#27;[32m as amount&amp#27;[0m                &amp#27;[90m# com.monefy.automation.fe.serenityDefinitions.SelectMoneyDefinitions.userEntersAndAsIncome(java.lang.String)&amp#27;[0m
  &amp#27;[32mAnd &amp#27;[0m&amp#27;[32mclicks on choose category&amp#27;[0m                  &amp#27;[90m# com.monefy.automation.fe.serenityDefinitions.SelectMoneyDefinitions.clicksOnChooseCategory()&amp#27;[0m
  &amp#27;[32mAnd &amp#27;[0m&amp#27;[32muser chooses expense category as &amp#27;[0m&amp#27;[32m&amp#27;[1m'Bills'&amp#27;[0m   &amp#27;[90m# com.monefy.automation.fe.serenityDefinitions.ExpenseScreenDefinition.userChoosesCategoryAsDeposits(java.lang.String)&amp#27;[0m
  &amp#27;[32mThen &amp#27;[0m&amp#27;[32mexpense balance should be &amp#27;[0m&amp#27;[32m&amp#27;[1m'$70.00'&amp#27;[0m        &amp#27;[90m# com.monefy.automation.fe.serenityDefinitions.HomeScreenDefinition.expenseBalanceShouldBe(java.lang.String)&amp#27;[0m
]]></system-out>
    <system-err><![CDATA[[main] INFO io.cucumber.core.plugin.SerenityReporter - Running feature from file:///Users/kushwmeg/IdeaProjects/monefy-automation/src/test/resources/features/fe/HomeScreen.feature
[main] INFO  - 
 _____ _____ ____ _____   ____ _____  _    ____ _____ _____ ____  
|_   _| ____/ ___|_   _| / ___|_   _|/ \  |  _ \_   _| ____|  _ \ 
  | | |  _| \___ \ | |   \___ \ | | / _ \ | |_) || | |  _| | | | |
  | | | |___ ___) || |    ___) || |/ ___ \|  _ < | | | |___| |_| |
  |_| |_____|____/ |_|   |____/ |_/_/   \_\_| \_\|_| |_____|____/ 

Adding expense Bills to expense report(adding-expense-and-income-to-monefy-app-and-verifying-if-correct-values-are-reflected;adding-expense-bills-to-expense-report)
-------------------------------------------------------------------
[main] INFO  - &amp#27;[92m
        __    _____ _____ ____ _____   ____   _    ____  ____  _____ ____  
  _     \ \  |_   _| ____/ ___|_   _| |  _ \ / \  / ___|/ ___|| ____|  _ \ 
 (_)_____| |   | | |  _| \___ \ | |   | |_) / _ \ \___ \\___ \|  _| | | | |
  _|_____| |   | | | |___ ___) || |   |  __/ ___ \ ___) |___) | |___| |_| |
 (_)     | |   |_| |_____|____/ |_|   |_| /_/   \_\____/|____/|_____|____/ 
        /_/                                                                

Adding expense Bills to expense report
----------------------------------------------------------------------------&amp#27;[0m
]]></system-err>
  </testcase>
  <testcase name="Adding expense Clothes to expense report" classname="Adding expense and income to monefy app and verifying if correct values are reflected" time="8.509">
    <system-out><![CDATA[
Scenario: Adding expense Clothes to expense report &amp#27;[90m# src/test/resources/features/fe/HomeScreen.feature:35&amp#27;[0m
  &amp#27;[32mGiven &amp#27;[0m&amp#27;[32mexpense balance as &amp#27;[0m&amp#27;[32m&amp#27;[1m'$70.00'&amp#27;[0m                &amp#27;[90m# com.monefy.automation.fe.serenityDefinitions.HomeScreenDefinition.expenseBalanceAs(java.lang.String)&amp#27;[0m
  &amp#27;[32mAnd &amp#27;[0m&amp#27;[32muser clicks on expense button&amp#27;[0m                &amp#27;[90m# com.monefy.automation.fe.serenityDefinitions.HomeScreenDefinition.userClicksOnExpenseButton()&amp#27;[0m
  &amp#27;[32mAnd &amp#27;[0m&amp#27;[32muser clicks on expense button&amp#27;[0m                &amp#27;[90m# com.monefy.automation.fe.serenityDefinitions.HomeScreenDefinition.userClicksOnExpenseButton()&amp#27;[0m
  &amp#27;[32mThen &amp#27;[0m&amp#27;[32muser enters &amp#27;[0m&amp#27;[32m&amp#27;[1m'65'&amp#27;[0m&amp#27;[32m as amount&amp#27;[0m                  &amp#27;[90m# com.monefy.automation.fe.serenityDefinitions.SelectMoneyDefinitions.userEntersAndAsIncome(java.lang.String)&amp#27;[0m
  &amp#27;[32mAnd &amp#27;[0m&amp#27;[32mclicks on choose category&amp#27;[0m                    &amp#27;[90m# com.monefy.automation.fe.serenityDefinitions.SelectMoneyDefinitions.clicksOnChooseCategory()&amp#27;[0m
  &amp#27;[32mAnd &amp#27;[0m&amp#27;[32muser chooses expense category as &amp#27;[0m&amp#27;[32m&amp#27;[1m'Clothes'&amp#27;[0m   &amp#27;[90m# com.monefy.automation.fe.serenityDefinitions.ExpenseScreenDefinition.userChoosesCategoryAsDeposits(java.lang.String)&amp#27;[0m
  &amp#27;[32mThen &amp#27;[0m&amp#27;[32mexpense balance should be &amp#27;[0m&amp#27;[32m&amp#27;[1m'$135.00'&amp#27;[0m         &amp#27;[90m# com.monefy.automation.fe.serenityDefinitions.HomeScreenDefinition.expenseBalanceShouldBe(java.lang.String)&amp#27;[0m
]]></system-out>
    <system-err><![CDATA[[main] INFO io.cucumber.core.plugin.SerenityReporter - Running feature from file:///Users/kushwmeg/IdeaProjects/monefy-automation/src/test/resources/features/fe/HomeScreen.feature
[main] INFO  - 
 _____ _____ ____ _____   ____ _____  _    ____ _____ _____ ____  
|_   _| ____/ ___|_   _| / ___|_   _|/ \  |  _ \_   _| ____|  _ \ 
  | | |  _| \___ \ | |   \___ \ | | / _ \ | |_) || | |  _| | | | |
  | | | |___ ___) || |    ___) || |/ ___ \|  _ < | | | |___| |_| |
  |_| |_____|____/ |_|   |____/ |_/_/   \_\_| \_\|_| |_____|____/ 

Adding expense Clothes to expense report(adding-expense-and-income-to-monefy-app-and-verifying-if-correct-values-are-reflected;adding-expense-clothes-to-expense-report)
-------------------------------------------------------------------
[main] INFO  - &amp#27;[92m
        __    _____ _____ ____ _____   ____   _    ____  ____  _____ ____  
  _     \ \  |_   _| ____/ ___|_   _| |  _ \ / \  / ___|/ ___|| ____|  _ \ 
 (_)_____| |   | | |  _| \___ \ | |   | |_) / _ \ \___ \\___ \|  _| | | | |
  _|_____| |   | | | |___ ___) || |   |  __/ ___ \ ___) |___) | |___| |_| |
 (_)     | |   |_| |_____|____/ |_|   |_| /_/   \_\____/|____/|_____|____/ 
        /_/                                                                

Adding expense Clothes to expense report
----------------------------------------------------------------------------&amp#27;[0m
]]></system-err>
  </testcase>
  <testcase name="Adding expense Eating out to expense report" classname="Adding expense and income to monefy app and verifying if correct values are reflected" time="6.944">
    <system-out><![CDATA[
Scenario: Adding expense Eating out to expense report &amp#27;[90m# src/test/resources/features/fe/HomeScreen.feature:44&amp#27;[0m
  &amp#27;[32mGiven &amp#27;[0m&amp#27;[32mexpense balance as &amp#27;[0m&amp#27;[32m&amp#27;[1m'$135.00'&amp#27;[0m                  &amp#27;[90m# com.monefy.automation.fe.serenityDefinitions.HomeScreenDefinition.expenseBalanceAs(java.lang.String)&amp#27;[0m
  &amp#27;[32mAnd &amp#27;[0m&amp#27;[32muser clicks on expense button&amp#27;[0m                   &amp#27;[90m# com.monefy.automation.fe.serenityDefinitions.HomeScreenDefinition.userClicksOnExpenseButton()&amp#27;[0m
  &amp#27;[32mThen &amp#27;[0m&amp#27;[32muser enters &amp#27;[0m&amp#27;[32m&amp#27;[1m'60'&amp#27;[0m&amp#27;[32m as amount&amp#27;[0m                     &amp#27;[90m# com.monefy.automation.fe.serenityDefinitions.SelectMoneyDefinitions.userEntersAndAsIncome(java.lang.String)&amp#27;[0m
  &amp#27;[32mAnd &amp#27;[0m&amp#27;[32mclicks on choose category&amp#27;[0m                       &amp#27;[90m# com.monefy.automation.fe.serenityDefinitions.SelectMoneyDefinitions.clicksOnChooseCategory()&amp#27;[0m
  &amp#27;[32mAnd &amp#27;[0m&amp#27;[32muser chooses expense category as &amp#27;[0m&amp#27;[32m&amp#27;[1m'Eating out'&amp#27;[0m   &amp#27;[90m# com.monefy.automation.fe.serenityDefinitions.ExpenseScreenDefinition.userChoosesCategoryAsDeposits(java.lang.String)&amp#27;[0m
  &amp#27;[32mThen &amp#27;[0m&amp#27;[32mexpense balance should be &amp#27;[0m&amp#27;[32m&amp#27;[1m'$195.00'&amp#27;[0m            &amp#27;[90m# com.monefy.automation.fe.serenityDefinitions.HomeScreenDefinition.expenseBalanceShouldBe(java.lang.String)&amp#27;[0m
]]></system-out>
    <system-err><![CDATA[[main] INFO io.cucumber.core.plugin.SerenityReporter - Running feature from file:///Users/kushwmeg/IdeaProjects/monefy-automation/src/test/resources/features/fe/HomeScreen.feature
[main] INFO  - 
 _____ _____ ____ _____   ____ _____  _    ____ _____ _____ ____  
|_   _| ____/ ___|_   _| / ___|_   _|/ \  |  _ \_   _| ____|  _ \ 
  | | |  _| \___ \ | |   \___ \ | | / _ \ | |_) || | |  _| | | | |
  | | | |___ ___) || |    ___) || |/ ___ \|  _ < | | | |___| |_| |
  |_| |_____|____/ |_|   |____/ |_/_/   \_\_| \_\|_| |_____|____/ 

Adding expense Eating out to expense report(adding-expense-and-income-to-monefy-app-and-verifying-if-correct-values-are-reflected;adding-expense-eating-out-to-expense-report)
-------------------------------------------------------------------
[main] INFO  - &amp#27;[92m
        __    _____ _____ ____ _____   ____   _    ____  ____  _____ ____  
  _     \ \  |_   _| ____/ ___|_   _| |  _ \ / \  / ___|/ ___|| ____|  _ \ 
 (_)_____| |   | | |  _| \___ \ | |   | |_) / _ \ \___ \\___ \|  _| | | | |
  _|_____| |   | | | |___ ___) || |   |  __/ ___ \ ___) |___) | |___| |_| |
 (_)     | |   |_| |_____|____/ |_|   |_| /_/   \_\____/|____/|_____|____/ 
        /_/                                                                

Adding expense Eating out to expense report
----------------------------------------------------------------------------&amp#27;[0m
]]></system-err>
  </testcase>
  <testcase name="Adding expense Health to expense report" classname="Adding expense and income to monefy app and verifying if correct values are reflected" time="7.767">
    <system-out><![CDATA[
Scenario: Adding expense Health to expense report &amp#27;[90m# src/test/resources/features/fe/HomeScreen.feature:52&amp#27;[0m
  &amp#27;[32mGiven &amp#27;[0m&amp#27;[32mexpense balance as &amp#27;[0m&amp#27;[32m&amp#27;[1m'$195.00'&amp#27;[0m              &amp#27;[90m# com.monefy.automation.fe.serenityDefinitions.HomeScreenDefinition.expenseBalanceAs(java.lang.String)&amp#27;[0m
  &amp#27;[32mAnd &amp#27;[0m&amp#27;[32muser clicks on expense button&amp#27;[0m               &amp#27;[90m# com.monefy.automation.fe.serenityDefinitions.HomeScreenDefinition.userClicksOnExpenseButton()&amp#27;[0m
  &amp#27;[32mThen &amp#27;[0m&amp#27;[32muser enters &amp#27;[0m&amp#27;[32m&amp#27;[1m'100'&amp#27;[0m&amp#27;[32m as amount&amp#27;[0m                &amp#27;[90m# com.monefy.automation.fe.serenityDefinitions.SelectMoneyDefinitions.userEntersAndAsIncome(java.lang.String)&amp#27;[0m
  &amp#27;[32mAnd &amp#27;[0m&amp#27;[32mclicks on choose category&amp#27;[0m                   &amp#27;[90m# com.monefy.automation.fe.serenityDefinitions.SelectMoneyDefinitions.clicksOnChooseCategory()&amp#27;[0m
  &amp#27;[32mAnd &amp#27;[0m&amp#27;[32muser chooses expense category as &amp#27;[0m&amp#27;[32m&amp#27;[1m'Health'&amp#27;[0m   &amp#27;[90m# com.monefy.automation.fe.serenityDefinitions.ExpenseScreenDefinition.userChoosesCategoryAsDeposits(java.lang.String)&amp#27;[0m
  &amp#27;[32mThen &amp#27;[0m&amp#27;[32mexpense balance should be &amp#27;[0m&amp#27;[32m&amp#27;[1m'$295.00'&amp#27;[0m        &amp#27;[90m# com.monefy.automation.fe.serenityDefinitions.HomeScreenDefinition.expenseBalanceShouldBe(java.lang.String)&amp#27;[0m
]]></system-out>
    <system-err><![CDATA[[main] INFO io.cucumber.core.plugin.SerenityReporter - Running feature from file:///Users/kushwmeg/IdeaProjects/monefy-automation/src/test/resources/features/fe/HomeScreen.feature
[main] INFO  - 
 _____ _____ ____ _____   ____ _____  _    ____ _____ _____ ____  
|_   _| ____/ ___|_   _| / ___|_   _|/ \  |  _ \_   _| ____|  _ \ 
  | | |  _| \___ \ | |   \___ \ | | / _ \ | |_) || | |  _| | | | |
  | | | |___ ___) || |    ___) || |/ ___ \|  _ < | | | |___| |_| |
  |_| |_____|____/ |_|   |____/ |_/_/   \_\_| \_\|_| |_____|____/ 

Adding expense Health to expense report(adding-expense-and-income-to-monefy-app-and-verifying-if-correct-values-are-reflected;adding-expense-health-to-expense-report)
-------------------------------------------------------------------
[main] INFO  - &amp#27;[92m
        __    _____ _____ ____ _____   ____   _    ____  ____  _____ ____  
  _     \ \  |_   _| ____/ ___|_   _| |  _ \ / \  / ___|/ ___|| ____|  _ \ 
 (_)_____| |   | | |  _| \___ \ | |   | |_) / _ \ \___ \\___ \|  _| | | | |
  _|_____| |   | | | |___ ___) || |   |  __/ ___ \ ___) |___) | |___| |_| |
 (_)     | |   |_| |_____|____/ |_|   |_| /_/   \_\____/|____/|_____|____/ 
        /_/                                                                

Adding expense Health to expense report
----------------------------------------------------------------------------&amp#27;[0m
]]></system-err>
  </testcase>
  <testcase name="Checking total balance" classname="Adding expense and income to monefy app and verifying if correct values are reflected" time="0.681">
    <system-out><![CDATA[
Scenario: Checking total balance                &amp#27;[90m# src/test/resources/features/fe/HomeScreen.feature:60&amp#27;[0m
  &amp#27;[32mGiven &amp#27;[0m&amp#27;[32mincome and expense&amp#27;[0m                      &amp#27;[90m# com.monefy.automation.fe.serenityDefinitions.HomeScreenDefinition.incomeAndExpense()&amp#27;[0m
  &amp#27;[32mThen &amp#27;[0m&amp#27;[32mBalance is equal to Income minus Expense&amp#27;[0m &amp#27;[90m# com.monefy.automation.fe.serenityDefinitions.HomeScreenDefinition.balanceIsIncomeMinusExpense()&amp#27;[0m
]]></system-out>
    <system-err><![CDATA[[main] INFO io.cucumber.core.plugin.SerenityReporter - Running feature from file:///Users/kushwmeg/IdeaProjects/monefy-automation/src/test/resources/features/fe/HomeScreen.feature
[main] INFO  - 
 _____ _____ ____ _____   ____ _____  _    ____ _____ _____ ____  
|_   _| ____/ ___|_   _| / ___|_   _|/ \  |  _ \_   _| ____|  _ \ 
  | | |  _| \___ \ | |   \___ \ | | / _ \ | |_) || | |  _| | | | |
  | | | |___ ___) || |    ___) || |/ ___ \|  _ < | | | |___| |_| |
  |_| |_____|____/ |_|   |____/ |_/_/   \_\_| \_\|_| |_____|____/ 

Checking total balance(adding-expense-and-income-to-monefy-app-and-verifying-if-correct-values-are-reflected;checking-total-balance)
-------------------------------------------------------------------
[main] INFO  - &amp#27;[92m
        __    _____ _____ ____ _____   ____   _    ____  ____  _____ ____  
  _     \ \  |_   _| ____/ ___|_   _| |  _ \ / \  / ___|/ ___|| ____|  _ \ 
 (_)_____| |   | | |  _| \___ \ | |   | |_) / _ \ \___ \\___ \|  _| | | | |
  _|_____| |   | | | |___ ___) || |   |  __/ ___ \ ___) |___) | |___| |_| |
 (_)     | |   |_| |_____|____/ |_|   |_| /_/   \_\____/|____/|_____|____/ 
        /_/                                                                

Checking total balance
----------------------------------------------------------------------------&amp#27;[0m
]]></system-err>
  </testcase>
</testsuite>