<?xml version="1.0" encoding="UTF-8"?><testsuite errors="0" failures="6" name="Validating Get Pet API" skipped="0" tests="16" time="23.44" timestamp="2021-11-30 04:21:10"><testcase name="Verify if we are able to retrieve pet data on the basis of Id"><failure message="expected:&lt;200&gt; but was:&lt;404&gt;" type="java.lang.AssertionError">expected:&lt;200&gt; but was:&lt;404&gt;</failure><system-err>expected:&lt;200&gt; but was:&lt;404&gt;
codechallenge.be.cucumber.serenityDefinitions.GetPetDefinition.getPetAPICallIsSuccessfulWithStatusCode(GetPetDefinition.java:47)
✽.Get Pet API call is successful with status code 200(file:///Users/kushwmeg/IdeaProjects/pet-store-automation/src/test/resources/features/api/GetPet.feature:6)
</system-err></testcase><testcase name="Verify if get api is not accepting junk data"/><testcase name="Verify if we are not able to retrieve pet data in case not pet exists for given Id"/><testcase name="Verify if we are able to retrieve pet data when no id is provided"/><testcase name="Verify if we are not able to retrieve pet data on the basis of tags when no tags are provided"/><testcase name="Verify if we are able to retrieve pet data on the basis of tags"><failure message="expected:&lt;200&gt; but was:&lt;400&gt;" type="java.lang.AssertionError">expected:&lt;200&gt; but was:&lt;400&gt;</failure><system-err>expected:&lt;200&gt; but was:&lt;400&gt;
codechallenge.be.cucumber.serenityDefinitions.GetPetDefinition.getPetAPICallIsSuccessfulWithStatusCode(GetPetDefinition.java:47)
✽.Get Pet API call is successful with status code 200(file:///Users/kushwmeg/IdeaProjects/pet-store-automation/src/test/resources/features/api/GetPet.feature:52)
</system-err></testcase></testsuite>