<?xml version="1.0" encoding="UTF-8"?>
<testsuite xmlns:xsi="http://www.w3.org/2001/XMLSchema-instance" xsi:noNamespaceSchemaLocation="https://maven.apache.org/surefire/maven-surefire-plugin/xsd/surefire-test-report-3.0.xsd" version="3.0" name="codechallenge.be.cucumber.testRunner.TestRunnerAPI" time="78.35" tests="49" errors="0" skipped="0" failures="13">
  <properties>
[...]
</properties>
  <testcase name="Verify if the pets are added successfully in database #1" classname="Validating Add Pet API" time="3.742">
    <system-out><![CDATA[
Scenario Outline: Verify if the pets are added successfully in database                           &amp#27;[90m# src/test/resources/features/api/AddPet.feature:11&amp#27;[0m
  &amp#27;[32mGiven &amp#27;[0m&amp#27;[32mPet Payload &amp#27;[0m&amp#27;[32m&amp#27;[1m"71"&amp#27;[0m&amp#27;[32m, &amp#27;[0m&amp#27;[32m&amp#27;[1m"doggie"&amp#27;[0m&amp#27;[32m, &amp#27;[0m&amp#27;[32m&amp#27;[1m"available"&amp#27;[0m&amp#27;[32m, &amp#27;[0m&amp#27;[32m&amp#27;[1m"1"&amp#27;[0m&amp#27;[32m, &amp#27;[0m&amp#27;[32m&amp#27;[1m"Dogs"&amp#27;[0m&amp#27;[32m, &amp#27;[0m&amp#27;[32m&amp#27;[1m"0"&amp#27;[0m&amp#27;[32m, &amp#27;[0m&amp#27;[32m&amp#27;[1m"string"&amp#27;[0m&amp#27;[32m, &amp#27;[0m&amp#27;[32m&amp#27;[1m"string"&amp#27;[0m&amp#27;[32m, &amp#27;[0m&amp#27;[32m&amp#27;[1m"base.url"&amp#27;[0m &amp#27;[90m# codechallenge.be.cucumber.serenityDefinitions.PetStoreDefinition.addProductPayload(java.lang.String,java.lang.String,java.lang.String,java.lang.String,java.lang.String,java.lang.String,java.lang.String,java.lang.String,java.lang.String)&amp#27;[0m
Request method:	POST
Request URI:	https://petstore3.swagger.io/api/v3/pet
Proxy:			<none>
Request params:	<none>
Query params:	<none>
Form params:	<none>
Path params:	<none>
Headers:		Accept=*/*
				Content-Type=application/json; charset=UTF-8
Cookies:		<none>
Multiparts:		<none>
Body:
{
    "photoUrls": [
        "string"
    ],
    "name": "doggie",
    "id": "71",
    "category": {
        "name": "Dogs",
        "id": "1"
    },
    "tags": [
        {
            "name": "string",
            "id": "0"
        }
    ],
    "status": "available"
}
HTTP/1.1 200 OK
Date: Tue, 30 Nov 2021 10:50:31 GMT
Content-Type: application/json
Content-Length: 137
Connection: keep-alive
Access-Control-Allow-Origin: *
Access-Control-Allow-Methods: GET, POST, DELETE, PUT
Access-Control-Allow-Headers: Content-Type, api_key, Authorization
Access-Control-Expose-Headers: Content-Disposition
Server: Jetty(9.4.9.v20180320)

{
    "id": 71,
    "category": {
        "id": 1,
        "name": "Dogs"
    },
    "name": "doggie",
    "photoUrls": [
        "string"
    ],
    "tags": [
        {
            "id": 0,
            "name": "string"
        }
    ],
    "status": "available"
}
  &amp#27;[32mWhen &amp#27;[0m&amp#27;[32muser calls &amp#27;[0m&amp#27;[32m&amp#27;[1m"AddPetAPI"&amp#27;[0m&amp#27;[32m with &amp#27;[0m&amp#27;[32m&amp#27;[1m"POST"&amp#27;[0m&amp#27;[32m http request&amp#27;[0m                                            &amp#27;[90m# codechallenge.be.cucumber.serenityDefinitions.PetStoreDefinition.serCallsWithPostHttpRequest(java.lang.String,java.lang.String)&amp#27;[0m
  &amp#27;[32mThen &amp#27;[0m&amp#27;[32mthe API call is successful with status code &amp#27;[0m&amp#27;[32m&amp#27;[1m200&amp#27;[0m                                            &amp#27;[90m# codechallenge.be.cucumber.serenityDefinitions.PetStoreDefinition.theAPICallIsSuccessfulWithStatusCode(int)&amp#27;[0m
  &amp#27;[32mAnd &amp#27;[0m&amp#27;[32mchecking if the &amp#27;[0m&amp#27;[32m&amp#27;[1m"status"&amp#27;[0m&amp#27;[32m of the pet created is &amp#27;[0m&amp#27;[32m&amp#27;[1m"available"&amp#27;[0m                                  &amp#27;[90m# codechallenge.be.cucumber.serenityDefinitions.PetStoreDefinition.checkingTheOfTheProductCreated(java.lang.String,java.lang.String)&amp#27;[0m
]]></system-out>
    <system-err><![CDATA[[main] INFO io.cucumber.core.plugin.SerenityReporter - Running feature from file:///Users/kushwmeg/IdeaProjects/pet-store-automation/src/test/resources/features/api/AddPet.feature
[main] INFO  - &amp#27;[96m

-------------------------------------------------------------------------------------
     _______. _______ .______       _______ .__   __.  __  .___________.____    ____ 
    /       ||   ____||   _  \     |   ____||  \ |  | |  | |           |\   \  /   / 
   |   (----`|  |__   |  |_)  |    |  |__   |   \|  | |  | `---|  |----` \   \/   /  
    \   \    |   __|  |      /     |   __|  |  . `  | |  |     |  |       \_    _/   
.----)   |   |  |____ |  |\  \----.|  |____ |  |\   | |  |     |  |         |  |     
|_______/    |_______|| _| `._____||_______||__| \__| |__|     |__|         |__|    
                                                                                     
 News and tutorials at http://www.serenity-bdd.info                                  
 Documentation at https://wakaleo.gitbooks.io/the-serenity-book/content/             
 Join the Serenity Community on Gitter: https://gitter.im/serenity-bdd/serenity-core 
 Serenity BDD Support and Training at http://serenity-bdd.info/#/trainingandsupport  
-------------------------------------------------------------------------------------
&amp#27;[0m
[main] INFO  - Test Suite Started: Validating Add Pet API
[main] INFO io.cucumber.core.plugin.SerenityReporter - Running feature from file:///Users/kushwmeg/IdeaProjects/pet-store-automation/src/test/resources/features/api/DeletePet.feature
[main] INFO  - Test Suite Started: Validating Delete Pet API
[main] INFO io.cucumber.core.plugin.SerenityReporter - Running feature from file:///Users/kushwmeg/IdeaProjects/pet-store-automation/src/test/resources/features/api/GetPet.feature
[main] INFO  - Test Suite Started: Validating Get Pet API
[main] INFO io.cucumber.core.plugin.SerenityReporter - Running feature from file:///Users/kushwmeg/IdeaProjects/pet-store-automation/src/test/resources/features/api/UpdatePet.feature
[main] INFO  - Test Suite Started: Validating Update Pet API
[main] INFO io.cucumber.core.plugin.SerenityReporter - Running feature from file:///Users/kushwmeg/IdeaProjects/pet-store-automation/src/test/resources/features/api/AddPet.feature
[main] INFO  - 
 _____ _____ ____ _____   ____ _____  _    ____ _____ _____ ____  
|_   _| ____/ ___|_   _| / ___|_   _|/ \  |  _ \_   _| ____|  _ \ 
  | | |  _| \___ \ | |   \___ \ | | / _ \ | |_) || | |  _| | | | |
  | | | |___ ___) || |    ___) || |/ ___ \|  _ < | | | |___| |_| |
  |_| |_____|____/ |_|   |____/ |_/_/   \_\_| \_\|_| |_____|____/ 

Verify if the pets are added successfully in database(validating-add-pet-api;verify-if-the-pets-are-added-successfully-in-database)
-------------------------------------------------------------------
[main] INFO  - &amp#27;[92m
        __    _____ _____ ____ _____   ____   _    ____  ____  _____ ____  
  _     \ \  |_   _| ____/ ___|_   _| |  _ \ / \  / ___|/ ___|| ____|  _ \ 
 (_)_____| |   | | |  _| \___ \ | |   | |_) / _ \ \___ \\___ \|  _| | | | |
  _|_____| |   | | | |___ ___) || |   |  __/ ___ \ ___) |___) | |___| |_| |
 (_)     | |   |_| |_____|____/ |_|   |_| /_/   \_\____/|____/|_____|____/ 
        /_/                                                                

Verify if the pets are added successfully in database
----------------------------------------------------------------------------&amp#27;[0m
]]></system-err>
  </testcase>
  <testcase name="Verify if the pets are added successfully in database #2" classname="Validating Add Pet API" time="1.474">
    <system-out><![CDATA[
Scenario Outline: Verify if the pets are added successfully in database                           &amp#27;[90m# src/test/resources/features/api/AddPet.feature:12&amp#27;[0m
  &amp#27;[32mGiven &amp#27;[0m&amp#27;[32mPet Payload &amp#27;[0m&amp#27;[32m&amp#27;[1m"73"&amp#27;[0m&amp#27;[32m, &amp#27;[0m&amp#27;[32m&amp#27;[1m"maggie"&amp#27;[0m&amp#27;[32m, &amp#27;[0m&amp#27;[32m&amp#27;[1m"available"&amp#27;[0m&amp#27;[32m, &amp#27;[0m&amp#27;[32m&amp#27;[1m"1"&amp#27;[0m&amp#27;[32m, &amp#27;[0m&amp#27;[32m&amp#27;[1m"Dogs"&amp#27;[0m&amp#27;[32m, &amp#27;[0m&amp#27;[32m&amp#27;[1m"0"&amp#27;[0m&amp#27;[32m, &amp#27;[0m&amp#27;[32m&amp#27;[1m"string"&amp#27;[0m&amp#27;[32m, &amp#27;[0m&amp#27;[32m&amp#27;[1m"string"&amp#27;[0m&amp#27;[32m, &amp#27;[0m&amp#27;[32m&amp#27;[1m"base.url"&amp#27;[0m &amp#27;[90m# codechallenge.be.cucumber.serenityDefinitions.PetStoreDefinition.addProductPayload(java.lang.String,java.lang.String,java.lang.String,java.lang.String,java.lang.String,java.lang.String,java.lang.String,java.lang.String,java.lang.String)&amp#27;[0m
Request method:	POST
Request URI:	https://petstore3.swagger.io/api/v3/pet
Proxy:			<none>
Request params:	<none>
Query params:	<none>
Form params:	<none>
Path params:	<none>
Headers:		Accept=*/*
				Content-Type=application/json; charset=UTF-8
Cookies:		<none>
Multiparts:		<none>
Body:
{
    "photoUrls": [
        "string"
    ],
    "name": "maggie",
    "id": "73",
    "category": {
        "name": "Dogs",
        "id": "1"
    },
    "tags": [
        {
            "name": "string",
            "id": "0"
        }
    ],
    "status": "available"
}
HTTP/1.1 200 OK
Date: Tue, 30 Nov 2021 10:50:33 GMT
Content-Type: application/json
Content-Length: 137
Connection: keep-alive
Access-Control-Allow-Origin: *
Access-Control-Allow-Methods: GET, POST, DELETE, PUT
Access-Control-Allow-Headers: Content-Type, api_key, Authorization
Access-Control-Expose-Headers: Content-Disposition
Server: Jetty(9.4.9.v20180320)

{
    "id": 73,
    "category": {
        "id": 1,
        "name": "Dogs"
    },
    "name": "maggie",
    "photoUrls": [
        "string"
    ],
    "tags": [
        {
            "id": 0,
            "name": "string"
        }
    ],
    "status": "available"
}
  &amp#27;[32mWhen &amp#27;[0m&amp#27;[32muser calls &amp#27;[0m&amp#27;[32m&amp#27;[1m"AddPetAPI"&amp#27;[0m&amp#27;[32m with &amp#27;[0m&amp#27;[32m&amp#27;[1m"POST"&amp#27;[0m&amp#27;[32m http request&amp#27;[0m                                            &amp#27;[90m# codechallenge.be.cucumber.serenityDefinitions.PetStoreDefinition.serCallsWithPostHttpRequest(java.lang.String,java.lang.String)&amp#27;[0m
  &amp#27;[32mThen &amp#27;[0m&amp#27;[32mthe API call is successful with status code &amp#27;[0m&amp#27;[32m&amp#27;[1m200&amp#27;[0m                                            &amp#27;[90m# codechallenge.be.cucumber.serenityDefinitions.PetStoreDefinition.theAPICallIsSuccessfulWithStatusCode(int)&amp#27;[0m
  &amp#27;[32mAnd &amp#27;[0m&amp#27;[32mchecking if the &amp#27;[0m&amp#27;[32m&amp#27;[1m"status"&amp#27;[0m&amp#27;[32m of the pet created is &amp#27;[0m&amp#27;[32m&amp#27;[1m"available"&amp#27;[0m                                  &amp#27;[90m# codechallenge.be.cucumber.serenityDefinitions.PetStoreDefinition.checkingTheOfTheProductCreated(java.lang.String,java.lang.String)&amp#27;[0m
]]></system-out>
    <system-err><![CDATA[[main] INFO io.cucumber.core.plugin.SerenityReporter - Running feature from file:///Users/kushwmeg/IdeaProjects/pet-store-automation/src/test/resources/features/api/AddPet.feature
[main] INFO  - &amp#27;[92m
        __    _____ _____ ____ _____   ____   _    ____  ____  _____ ____  
  _     \ \  |_   _| ____/ ___|_   _| |  _ \ / \  / ___|/ ___|| ____|  _ \ 
 (_)_____| |   | | |  _| \___ \ | |   | |_) / _ \ \___ \\___ \|  _| | | | |
  _|_____| |   | | | |___ ___) || |   |  __/ ___ \ ___) |___) | |___| |_| |
 (_)     | |   |_| |_____|____/ |_|   |_| /_/   \_\____/|____/|_____|____/ 
        /_/                                                                

Verify if the pets are added successfully in database
----------------------------------------------------------------------------&amp#27;[0m
]]></system-err>
  </testcase>
  <testcase name="Verify if the pets are added successfully in database #3" classname="Validating Add Pet API" time="1.435">
    <system-out><![CDATA[
Scenario Outline: Verify if the pets are added successfully in database                           &amp#27;[90m# src/test/resources/features/api/AddPet.feature:13&amp#27;[0m
  &amp#27;[32mGiven &amp#27;[0m&amp#27;[32mPet Payload &amp#27;[0m&amp#27;[32m&amp#27;[1m"74"&amp#27;[0m&amp#27;[32m, &amp#27;[0m&amp#27;[32m&amp#27;[1m"rockie"&amp#27;[0m&amp#27;[32m, &amp#27;[0m&amp#27;[32m&amp#27;[1m"available"&amp#27;[0m&amp#27;[32m, &amp#27;[0m&amp#27;[32m&amp#27;[1m"1"&amp#27;[0m&amp#27;[32m, &amp#27;[0m&amp#27;[32m&amp#27;[1m"Dogs"&amp#27;[0m&amp#27;[32m, &amp#27;[0m&amp#27;[32m&amp#27;[1m"0"&amp#27;[0m&amp#27;[32m, &amp#27;[0m&amp#27;[32m&amp#27;[1m"string"&amp#27;[0m&amp#27;[32m, &amp#27;[0m&amp#27;[32m&amp#27;[1m"string"&amp#27;[0m&amp#27;[32m, &amp#27;[0m&amp#27;[32m&amp#27;[1m"base.url"&amp#27;[0m &amp#27;[90m# codechallenge.be.cucumber.serenityDefinitions.PetStoreDefinition.addProductPayload(java.lang.String,java.lang.String,java.lang.String,java.lang.String,java.lang.String,java.lang.String,java.lang.String,java.lang.String,java.lang.String)&amp#27;[0m
Request method:	POST
Request URI:	https://petstore3.swagger.io/api/v3/pet
Proxy:			<none>
Request params:	<none>
Query params:	<none>
Form params:	<none>
Path params:	<none>
Headers:		Accept=*/*
				Content-Type=application/json; charset=UTF-8
Cookies:		<none>
Multiparts:		<none>
Body:
{
    "photoUrls": [
        "string"
    ],
    "name": "rockie",
    "id": "74",
    "category": {
        "name": "Dogs",
        "id": "1"
    },
    "tags": [
        {
            "name": "string",
            "id": "0"
        }
    ],
    "status": "available"
}
HTTP/1.1 200 OK
Date: Tue, 30 Nov 2021 10:50:34 GMT
Content-Type: application/json
Content-Length: 137
Connection: keep-alive
Access-Control-Allow-Origin: *
Access-Control-Allow-Methods: GET, POST, DELETE, PUT
Access-Control-Allow-Headers: Content-Type, api_key, Authorization
Access-Control-Expose-Headers: Content-Disposition
Server: Jetty(9.4.9.v20180320)

{
    "id": 74,
    "category": {
        "id": 1,
        "name": "Dogs"
    },
    "name": "rockie",
    "photoUrls": [
        "string"
    ],
    "tags": [
        {
            "id": 0,
            "name": "string"
        }
    ],
    "status": "available"
}
  &amp#27;[32mWhen &amp#27;[0m&amp#27;[32muser calls &amp#27;[0m&amp#27;[32m&amp#27;[1m"AddPetAPI"&amp#27;[0m&amp#27;[32m with &amp#27;[0m&amp#27;[32m&amp#27;[1m"POST"&amp#27;[0m&amp#27;[32m http request&amp#27;[0m                                            &amp#27;[90m# codechallenge.be.cucumber.serenityDefinitions.PetStoreDefinition.serCallsWithPostHttpRequest(java.lang.String,java.lang.String)&amp#27;[0m
  &amp#27;[32mThen &amp#27;[0m&amp#27;[32mthe API call is successful with status code &amp#27;[0m&amp#27;[32m&amp#27;[1m200&amp#27;[0m                                            &amp#27;[90m# codechallenge.be.cucumber.serenityDefinitions.PetStoreDefinition.theAPICallIsSuccessfulWithStatusCode(int)&amp#27;[0m
  &amp#27;[32mAnd &amp#27;[0m&amp#27;[32mchecking if the &amp#27;[0m&amp#27;[32m&amp#27;[1m"status"&amp#27;[0m&amp#27;[32m of the pet created is &amp#27;[0m&amp#27;[32m&amp#27;[1m"available"&amp#27;[0m                                  &amp#27;[90m# codechallenge.be.cucumber.serenityDefinitions.PetStoreDefinition.checkingTheOfTheProductCreated(java.lang.String,java.lang.String)&amp#27;[0m
]]></system-out>
    <system-err><![CDATA[[main] INFO io.cucumber.core.plugin.SerenityReporter - Running feature from file:///Users/kushwmeg/IdeaProjects/pet-store-automation/src/test/resources/features/api/AddPet.feature
]]></system-err>
  </testcase>
  <testcase name="Verify if the pets are added successfully in database #4" classname="Validating Add Pet API" time="1.437">
    <system-out><![CDATA[
Scenario Outline: Verify if the pets are added successfully in database                           &amp#27;[90m# src/test/resources/features/api/AddPet.feature:14&amp#27;[0m
  &amp#27;[32mGiven &amp#27;[0m&amp#27;[32mPet Payload &amp#27;[0m&amp#27;[32m&amp#27;[1m"55"&amp#27;[0m&amp#27;[32m, &amp#27;[0m&amp#27;[32m&amp#27;[1m"sockie"&amp#27;[0m&amp#27;[32m, &amp#27;[0m&amp#27;[32m&amp#27;[1m"available"&amp#27;[0m&amp#27;[32m, &amp#27;[0m&amp#27;[32m&amp#27;[1m"1"&amp#27;[0m&amp#27;[32m, &amp#27;[0m&amp#27;[32m&amp#27;[1m"Dogs"&amp#27;[0m&amp#27;[32m, &amp#27;[0m&amp#27;[32m&amp#27;[1m"0"&amp#27;[0m&amp#27;[32m, &amp#27;[0m&amp#27;[32m&amp#27;[1m"string"&amp#27;[0m&amp#27;[32m, &amp#27;[0m&amp#27;[32m&amp#27;[1m"string"&amp#27;[0m&amp#27;[32m, &amp#27;[0m&amp#27;[32m&amp#27;[1m"base.url"&amp#27;[0m &amp#27;[90m# codechallenge.be.cucumber.serenityDefinitions.PetStoreDefinition.addProductPayload(java.lang.String,java.lang.String,java.lang.String,java.lang.String,java.lang.String,java.lang.String,java.lang.String,java.lang.String,java.lang.String)&amp#27;[0m
Request method:	POST
Request URI:	https://petstore3.swagger.io/api/v3/pet
Proxy:			<none>
Request params:	<none>
Query params:	<none>
Form params:	<none>
Path params:	<none>
Headers:		Accept=*/*
				Content-Type=application/json; charset=UTF-8
Cookies:		<none>
Multiparts:		<none>
Body:
{
    "photoUrls": [
        "string"
    ],
    "name": "sockie",
    "id": "55",
    "category": {
        "name": "Dogs",
        "id": "1"
    },
    "tags": [
        {
            "name": "string",
            "id": "0"
        }
    ],
    "status": "available"
}
HTTP/1.1 200 OK
Date: Tue, 30 Nov 2021 10:50:36 GMT
Content-Type: application/json
Content-Length: 137
Connection: keep-alive
Access-Control-Allow-Origin: *
Access-Control-Allow-Methods: GET, POST, DELETE, PUT
Access-Control-Allow-Headers: Content-Type, api_key, Authorization
Access-Control-Expose-Headers: Content-Disposition
Server: Jetty(9.4.9.v20180320)

{
    "id": 55,
    "category": {
        "id": 1,
        "name": "Dogs"
    },
    "name": "sockie",
    "photoUrls": [
        "string"
    ],
    "tags": [
        {
            "id": 0,
            "name": "string"
        }
    ],
    "status": "available"
}
  &amp#27;[32mWhen &amp#27;[0m&amp#27;[32muser calls &amp#27;[0m&amp#27;[32m&amp#27;[1m"AddPetAPI"&amp#27;[0m&amp#27;[32m with &amp#27;[0m&amp#27;[32m&amp#27;[1m"POST"&amp#27;[0m&amp#27;[32m http request&amp#27;[0m                                            &amp#27;[90m# codechallenge.be.cucumber.serenityDefinitions.PetStoreDefinition.serCallsWithPostHttpRequest(java.lang.String,java.lang.String)&amp#27;[0m
  &amp#27;[32mThen &amp#27;[0m&amp#27;[32mthe API call is successful with status code &amp#27;[0m&amp#27;[32m&amp#27;[1m200&amp#27;[0m                                            &amp#27;[90m# codechallenge.be.cucumber.serenityDefinitions.PetStoreDefinition.theAPICallIsSuccessfulWithStatusCode(int)&amp#27;[0m
  &amp#27;[32mAnd &amp#27;[0m&amp#27;[32mchecking if the &amp#27;[0m&amp#27;[32m&amp#27;[1m"status"&amp#27;[0m&amp#27;[32m of the pet created is &amp#27;[0m&amp#27;[32m&amp#27;[1m"available"&amp#27;[0m                                  &amp#27;[90m# codechallenge.be.cucumber.serenityDefinitions.PetStoreDefinition.checkingTheOfTheProductCreated(java.lang.String,java.lang.String)&amp#27;[0m
]]></system-out>
    <system-err><![CDATA[[main] INFO io.cucumber.core.plugin.SerenityReporter - Running feature from file:///Users/kushwmeg/IdeaProjects/pet-store-automation/src/test/resources/features/api/AddPet.feature
]]></system-err>
  </testcase>
  <testcase name="Verify if the pets are added successfully in database #5" classname="Validating Add Pet API" time="1.429">
    <system-out><![CDATA[
Scenario Outline: Verify if the pets are added successfully in database                            &amp#27;[90m# src/test/resources/features/api/AddPet.feature:15&amp#27;[0m
  &amp#27;[32mGiven &amp#27;[0m&amp#27;[32mPet Payload &amp#27;[0m&amp#27;[32m&amp#27;[1m"88"&amp#27;[0m&amp#27;[32m, &amp#27;[0m&amp#27;[32m&amp#27;[1m"freakie"&amp#27;[0m&amp#27;[32m, &amp#27;[0m&amp#27;[32m&amp#27;[1m"available"&amp#27;[0m&amp#27;[32m, &amp#27;[0m&amp#27;[32m&amp#27;[1m"1"&amp#27;[0m&amp#27;[32m, &amp#27;[0m&amp#27;[32m&amp#27;[1m"Dogs"&amp#27;[0m&amp#27;[32m, &amp#27;[0m&amp#27;[32m&amp#27;[1m"0"&amp#27;[0m&amp#27;[32m, &amp#27;[0m&amp#27;[32m&amp#27;[1m"string"&amp#27;[0m&amp#27;[32m, &amp#27;[0m&amp#27;[32m&amp#27;[1m"string"&amp#27;[0m&amp#27;[32m, &amp#27;[0m&amp#27;[32m&amp#27;[1m"base.url"&amp#27;[0m &amp#27;[90m# codechallenge.be.cucumber.serenityDefinitions.PetStoreDefinition.addProductPayload(java.lang.String,java.lang.String,java.lang.String,java.lang.String,java.lang.String,java.lang.String,java.lang.String,java.lang.String,java.lang.String)&amp#27;[0m
Request method:	POST
Request URI:	https://petstore3.swagger.io/api/v3/pet
Proxy:			<none>
Request params:	<none>
Query params:	<none>
Form params:	<none>
Path params:	<none>
Headers:		Accept=*/*
				Content-Type=application/json; charset=UTF-8
Cookies:		<none>
Multiparts:		<none>
Body:
{
    "photoUrls": [
        "string"
    ],
    "name": "freakie",
    "id": "88",
    "category": {
        "name": "Dogs",
        "id": "1"
    },
    "tags": [
        {
            "name": "string",
            "id": "0"
        }
    ],
    "status": "available"
}
HTTP/1.1 200 OK
Date: Tue, 30 Nov 2021 10:50:37 GMT
Content-Type: application/json
Content-Length: 138
Connection: keep-alive
Access-Control-Allow-Origin: *
Access-Control-Allow-Methods: GET, POST, DELETE, PUT
Access-Control-Allow-Headers: Content-Type, api_key, Authorization
Access-Control-Expose-Headers: Content-Disposition
Server: Jetty(9.4.9.v20180320)

{
    "id": 88,
    "category": {
        "id": 1,
        "name": "Dogs"
    },
    "name": "freakie",
    "photoUrls": [
        "string"
    ],
    "tags": [
        {
            "id": 0,
            "name": "string"
        }
    ],
    "status": "available"
}
  &amp#27;[32mWhen &amp#27;[0m&amp#27;[32muser calls &amp#27;[0m&amp#27;[32m&amp#27;[1m"AddPetAPI"&amp#27;[0m&amp#27;[32m with &amp#27;[0m&amp#27;[32m&amp#27;[1m"POST"&amp#27;[0m&amp#27;[32m http request&amp#27;[0m                                             &amp#27;[90m# codechallenge.be.cucumber.serenityDefinitions.PetStoreDefinition.serCallsWithPostHttpRequest(java.lang.String,java.lang.String)&amp#27;[0m
  &amp#27;[32mThen &amp#27;[0m&amp#27;[32mthe API call is successful with status code &amp#27;[0m&amp#27;[32m&amp#27;[1m200&amp#27;[0m                                             &amp#27;[90m# codechallenge.be.cucumber.serenityDefinitions.PetStoreDefinition.theAPICallIsSuccessfulWithStatusCode(int)&amp#27;[0m
  &amp#27;[32mAnd &amp#27;[0m&amp#27;[32mchecking if the &amp#27;[0m&amp#27;[32m&amp#27;[1m"status"&amp#27;[0m&amp#27;[32m of the pet created is &amp#27;[0m&amp#27;[32m&amp#27;[1m"available"&amp#27;[0m                                   &amp#27;[90m# codechallenge.be.cucumber.serenityDefinitions.PetStoreDefinition.checkingTheOfTheProductCreated(java.lang.String,java.lang.String)&amp#27;[0m
]]></system-out>
    <system-err><![CDATA[[main] INFO io.cucumber.core.plugin.SerenityReporter - Running feature from file:///Users/kushwmeg/IdeaProjects/pet-store-automation/src/test/resources/features/api/AddPet.feature
]]></system-err>
  </testcase>
  <testcase name="Verify if the pets are added successfully in database #6" classname="Validating Add Pet API" time="1.537">
    <system-out><![CDATA[
Scenario Outline: Verify if the pets are added successfully in database                            &amp#27;[90m# src/test/resources/features/api/AddPet.feature:16&amp#27;[0m
  &amp#27;[32mGiven &amp#27;[0m&amp#27;[32mPet Payload &amp#27;[0m&amp#27;[32m&amp#27;[1m"102"&amp#27;[0m&amp#27;[32m, &amp#27;[0m&amp#27;[32m&amp#27;[1m"sulkie"&amp#27;[0m&amp#27;[32m, &amp#27;[0m&amp#27;[32m&amp#27;[1m"available"&amp#27;[0m&amp#27;[32m, &amp#27;[0m&amp#27;[32m&amp#27;[1m"1"&amp#27;[0m&amp#27;[32m, &amp#27;[0m&amp#27;[32m&amp#27;[1m"Dogs"&amp#27;[0m&amp#27;[32m, &amp#27;[0m&amp#27;[32m&amp#27;[1m"0"&amp#27;[0m&amp#27;[32m, &amp#27;[0m&amp#27;[32m&amp#27;[1m"string"&amp#27;[0m&amp#27;[32m, &amp#27;[0m&amp#27;[32m&amp#27;[1m"string"&amp#27;[0m&amp#27;[32m, &amp#27;[0m&amp#27;[32m&amp#27;[1m"base.url"&amp#27;[0m &amp#27;[90m# codechallenge.be.cucumber.serenityDefinitions.PetStoreDefinition.addProductPayload(java.lang.String,java.lang.String,java.lang.String,java.lang.String,java.lang.String,java.lang.String,java.lang.String,java.lang.String,java.lang.String)&amp#27;[0m
Request method:	POST
Request URI:	https://petstore3.swagger.io/api/v3/pet
Proxy:			<none>
Request params:	<none>
Query params:	<none>
Form params:	<none>
Path params:	<none>
Headers:		Accept=*/*
				Content-Type=application/json; charset=UTF-8
Cookies:		<none>
Multiparts:		<none>
Body:
{
    "photoUrls": [
        "string"
    ],
    "name": "sulkie",
    "id": "102",
    "category": {
        "name": "Dogs",
        "id": "1"
    },
    "tags": [
        {
            "name": "string",
            "id": "0"
        }
    ],
    "status": "available"
}
HTTP/1.1 200 OK
Date: Tue, 30 Nov 2021 10:50:39 GMT
Content-Type: application/json
Content-Length: 138
Connection: keep-alive
Access-Control-Allow-Origin: *
Access-Control-Allow-Methods: GET, POST, DELETE, PUT
Access-Control-Allow-Headers: Content-Type, api_key, Authorization
Access-Control-Expose-Headers: Content-Disposition
Server: Jetty(9.4.9.v20180320)

{
    "id": 102,
    "category": {
        "id": 1,
        "name": "Dogs"
    },
    "name": "sulkie",
    "photoUrls": [
        "string"
    ],
    "tags": [
        {
            "id": 0,
            "name": "string"
        }
    ],
    "status": "available"
}
  &amp#27;[32mWhen &amp#27;[0m&amp#27;[32muser calls &amp#27;[0m&amp#27;[32m&amp#27;[1m"AddPetAPI"&amp#27;[0m&amp#27;[32m with &amp#27;[0m&amp#27;[32m&amp#27;[1m"POST"&amp#27;[0m&amp#27;[32m http request&amp#27;[0m                                             &amp#27;[90m# codechallenge.be.cucumber.serenityDefinitions.PetStoreDefinition.serCallsWithPostHttpRequest(java.lang.String,java.lang.String)&amp#27;[0m
  &amp#27;[32mThen &amp#27;[0m&amp#27;[32mthe API call is successful with status code &amp#27;[0m&amp#27;[32m&amp#27;[1m200&amp#27;[0m                                             &amp#27;[90m# codechallenge.be.cucumber.serenityDefinitions.PetStoreDefinition.theAPICallIsSuccessfulWithStatusCode(int)&amp#27;[0m
  &amp#27;[32mAnd &amp#27;[0m&amp#27;[32mchecking if the &amp#27;[0m&amp#27;[32m&amp#27;[1m"status"&amp#27;[0m&amp#27;[32m of the pet created is &amp#27;[0m&amp#27;[32m&amp#27;[1m"available"&amp#27;[0m                                   &amp#27;[90m# codechallenge.be.cucumber.serenityDefinitions.PetStoreDefinition.checkingTheOfTheProductCreated(java.lang.String,java.lang.String)&amp#27;[0m
]]></system-out>
    <system-err><![CDATA[[main] INFO io.cucumber.core.plugin.SerenityReporter - Running feature from file:///Users/kushwmeg/IdeaProjects/pet-store-automation/src/test/resources/features/api/AddPet.feature
]]></system-err>
  </testcase>
  <testcase name="Verify if we are able to delete pet data on the basis of Id #1" classname="Validating Delete Pet API" time="1.717">
    <system-out><![CDATA[
Scenario Outline: Verify if we are able to delete pet data on the basis of Id             &amp#27;[90m# src/test/resources/features/api/DeletePet.feature:10&amp#27;[0m
  &amp#27;[32mGiven &amp#27;[0m&amp#27;[32muser sets Delete API base url &amp#27;[0m&amp#27;[32m&amp#27;[1m"base.url"&amp#27;[0m                                          &amp#27;[90m# codechallenge.be.cucumber.serenityDefinitions.DeletePetDefinition.userSetsBaseUrl(java.lang.String)&amp#27;[0m
Request method:	DELETE
Request URI:	https://petstore3.swagger.io/api/v3/pet/121
Proxy:			<none>
Request params:	<none>
Query params:	<none>
Form params:	<none>
Path params:	<none>
Headers:		accept=application/xml
				Content-Type=application/json; charset=UTF-8
Cookies:		<none>
Multiparts:		<none>
Body:			<none>
HTTP/1.1 200 OK
Date: Tue, 30 Nov 2021 10:50:40 GMT
Content-Type: application/xml
Content-Length: 11
Connection: keep-alive
Access-Control-Allow-Origin: *
Access-Control-Allow-Methods: GET, POST, DELETE, PUT
Access-Control-Allow-Headers: Content-Type, api_key, Authorization
Access-Control-Expose-Headers: Content-Disposition
Server: Jetty(9.4.9.v20180320)

Pet deleted
  &amp#27;[32mWhen &amp#27;[0m&amp#27;[32muser calls DeletePetAPI &amp#27;[0m&amp#27;[32m&amp#27;[1m"DeletePetAPI"&amp#27;[0m&amp#27;[32m with &amp#27;[0m&amp#27;[32m&amp#27;[1m"DELETE"&amp#27;[0m&amp#27;[32m http request for pet id &amp#27;[0m&amp#27;[32m&amp#27;[1m"121"&amp#27;[0m &amp#27;[90m# codechallenge.be.cucumber.serenityDefinitions.DeletePetDefinition.userCallsWithHttpRequest(java.lang.String,java.lang.String,java.lang.String)&amp#27;[0m
  &amp#27;[32mThen &amp#27;[0m&amp#27;[32mDelete Pet API call is successful with status code &amp#27;[0m&amp#27;[32m&amp#27;[1m200&amp#27;[0m                             &amp#27;[90m# codechallenge.be.cucumber.serenityDefinitions.DeletePetDefinition.getPetAPICallIsSuccessfulWithStatusCode(int)&amp#27;[0m
  &amp#27;[32mAnd &amp#27;[0m&amp#27;[32mdelete api response message as &amp#27;[0m&amp#27;[32m&amp#27;[1m"Pet deleted"&amp#27;[0m                                        &amp#27;[90m# codechallenge.be.cucumber.serenityDefinitions.DeletePetDefinition.deleteApiResponseMessageAs(java.lang.String)&amp#27;[0m
]]></system-out>
    <system-err><![CDATA[[main] INFO io.cucumber.core.plugin.SerenityReporter - Running feature from file:///Users/kushwmeg/IdeaProjects/pet-store-automation/src/test/resources/features/api/DeletePet.feature
[main] INFO  - 
 _____ _____ ____ _____   ____ _____  _    ____ _____ _____ ____  
|_   _| ____/ ___|_   _| / ___|_   _|/ \  |  _ \_   _| ____|  _ \ 
  | | |  _| \___ \ | |   \___ \ | | / _ \ | |_) || | |  _| | | | |
  | | | |___ ___) || |    ___) || |/ ___ \|  _ < | | | |___| |_| |
  |_| |_____|____/ |_|   |____/ |_/_/   \_\_| \_\|_| |_____|____/ 

Verify if we are able to delete pet data on the basis of Id(validating-delete-pet-api;verify-if-we-are-able-to-delete-pet-data-on-the-basis-of-id)
-------------------------------------------------------------------
[Fatal Error] :1:1: Content is not allowed in prolog.
[main] INFO  - &amp#27;[92m
        __    _____ _____ ____ _____   ____   _    ____  ____  _____ ____  
  _     \ \  |_   _| ____/ ___|_   _| |  _ \ / \  / ___|/ ___|| ____|  _ \ 
 (_)_____| |   | | |  _| \___ \ | |   | |_) / _ \ \___ \\___ \|  _| | | | |
  _|_____| |   | | | |___ ___) || |   |  __/ ___ \ ___) |___) | |___| |_| |
 (_)     | |   |_| |_____|____/ |_|   |_| /_/   \_\____/|____/|_____|____/ 
        /_/                                                                

Verify if we are able to delete pet data on the basis of Id
----------------------------------------------------------------------------&amp#27;[0m
]]></system-err>
  </testcase>
  <testcase name="Verify if we are able to delete pet data on the basis of Id #2" classname="Validating Delete Pet API" time="1.551">
    <system-out><![CDATA[
Scenario Outline: Verify if we are able to delete pet data on the basis of Id            &amp#27;[90m# src/test/resources/features/api/DeletePet.feature:11&amp#27;[0m
  &amp#27;[32mGiven &amp#27;[0m&amp#27;[32muser sets Delete API base url &amp#27;[0m&amp#27;[32m&amp#27;[1m"base.url"&amp#27;[0m                                         &amp#27;[90m# codechallenge.be.cucumber.serenityDefinitions.DeletePetDefinition.userSetsBaseUrl(java.lang.String)&amp#27;[0m
Request method:	DELETE
Request URI:	https://petstore3.swagger.io/api/v3/pet/11
Proxy:			<none>
Request params:	<none>
Query params:	<none>
Form params:	<none>
Path params:	<none>
Headers:		accept=application/xml
				Content-Type=application/json; charset=UTF-8
Cookies:		<none>
Multiparts:		<none>
Body:			<none>
HTTP/1.1 200 OK
Date: Tue, 30 Nov 2021 10:50:42 GMT
Content-Type: application/xml
Content-Length: 11
Connection: keep-alive
Access-Control-Allow-Origin: *
Access-Control-Allow-Methods: GET, POST, DELETE, PUT
Access-Control-Allow-Headers: Content-Type, api_key, Authorization
Access-Control-Expose-Headers: Content-Disposition
Server: Jetty(9.4.9.v20180320)

Pet deleted
  &amp#27;[32mWhen &amp#27;[0m&amp#27;[32muser calls DeletePetAPI &amp#27;[0m&amp#27;[32m&amp#27;[1m"DeletePetAPI"&amp#27;[0m&amp#27;[32m with &amp#27;[0m&amp#27;[32m&amp#27;[1m"DELETE"&amp#27;[0m&amp#27;[32m http request for pet id &amp#27;[0m&amp#27;[32m&amp#27;[1m"11"&amp#27;[0m &amp#27;[90m# codechallenge.be.cucumber.serenityDefinitions.DeletePetDefinition.userCallsWithHttpRequest(java.lang.String,java.lang.String,java.lang.String)&amp#27;[0m
  &amp#27;[32mThen &amp#27;[0m&amp#27;[32mDelete Pet API call is successful with status code &amp#27;[0m&amp#27;[32m&amp#27;[1m200&amp#27;[0m                            &amp#27;[90m# codechallenge.be.cucumber.serenityDefinitions.DeletePetDefinition.getPetAPICallIsSuccessfulWithStatusCode(int)&amp#27;[0m
  &amp#27;[32mAnd &amp#27;[0m&amp#27;[32mdelete api response message as &amp#27;[0m&amp#27;[32m&amp#27;[1m"Pet deleted"&amp#27;[0m                                       &amp#27;[90m# codechallenge.be.cucumber.serenityDefinitions.DeletePetDefinition.deleteApiResponseMessageAs(java.lang.String)&amp#27;[0m
]]></system-out>
    <system-err><![CDATA[[main] INFO io.cucumber.core.plugin.SerenityReporter - Running feature from file:///Users/kushwmeg/IdeaProjects/pet-store-automation/src/test/resources/features/api/DeletePet.feature
[Fatal Error] :1:1: Content is not allowed in prolog.
[main] INFO  - &amp#27;[92m
        __    _____ _____ ____ _____   ____   _    ____  ____  _____ ____  
  _     \ \  |_   _| ____/ ___|_   _| |  _ \ / \  / ___|/ ___|| ____|  _ \ 
 (_)_____| |   | | |  _| \___ \ | |   | |_) / _ \ \___ \\___ \|  _| | | | |
  _|_____| |   | | | |___ ___) || |   |  __/ ___ \ ___) |___) | |___| |_| |
 (_)     | |   |_| |_____|____/ |_|   |_| /_/   \_\____/|____/|_____|____/ 
        /_/                                                                

Verify if we are able to delete pet data on the basis of Id
----------------------------------------------------------------------------&amp#27;[0m
]]></system-err>
  </testcase>
  <testcase name="Verify if we are able to delete pet data on the basis of Id #3" classname="Validating Delete Pet API" time="1.535">
    <system-out><![CDATA[
Scenario Outline: Verify if we are able to delete pet data on the basis of Id             &amp#27;[90m# src/test/resources/features/api/DeletePet.feature:12&amp#27;[0m
  &amp#27;[32mGiven &amp#27;[0m&amp#27;[32muser sets Delete API base url &amp#27;[0m&amp#27;[32m&amp#27;[1m"base.url"&amp#27;[0m                                          &amp#27;[90m# codechallenge.be.cucumber.serenityDefinitions.DeletePetDefinition.userSetsBaseUrl(java.lang.String)&amp#27;[0m
Request method:	DELETE
Request URI:	https://petstore3.swagger.io/api/v3/pet/132
Proxy:			<none>
Request params:	<none>
Query params:	<none>
Form params:	<none>
Path params:	<none>
Headers:		accept=application/xml
				Content-Type=application/json; charset=UTF-8
Cookies:		<none>
Multiparts:		<none>
Body:			<none>
HTTP/1.1 200 OK
Date: Tue, 30 Nov 2021 10:50:43 GMT
Content-Type: application/xml
Content-Length: 11
Connection: keep-alive
Access-Control-Allow-Origin: *
Access-Control-Allow-Methods: GET, POST, DELETE, PUT
Access-Control-Allow-Headers: Content-Type, api_key, Authorization
Access-Control-Expose-Headers: Content-Disposition
Server: Jetty(9.4.9.v20180320)

Pet deleted
  &amp#27;[32mWhen &amp#27;[0m&amp#27;[32muser calls DeletePetAPI &amp#27;[0m&amp#27;[32m&amp#27;[1m"DeletePetAPI"&amp#27;[0m&amp#27;[32m with &amp#27;[0m&amp#27;[32m&amp#27;[1m"DELETE"&amp#27;[0m&amp#27;[32m http request for pet id &amp#27;[0m&amp#27;[32m&amp#27;[1m"132"&amp#27;[0m &amp#27;[90m# codechallenge.be.cucumber.serenityDefinitions.DeletePetDefinition.userCallsWithHttpRequest(java.lang.String,java.lang.String,java.lang.String)&amp#27;[0m
  &amp#27;[32mThen &amp#27;[0m&amp#27;[32mDelete Pet API call is successful with status code &amp#27;[0m&amp#27;[32m&amp#27;[1m200&amp#27;[0m                             &amp#27;[90m# codechallenge.be.cucumber.serenityDefinitions.DeletePetDefinition.getPetAPICallIsSuccessfulWithStatusCode(int)&amp#27;[0m
  &amp#27;[32mAnd &amp#27;[0m&amp#27;[32mdelete api response message as &amp#27;[0m&amp#27;[32m&amp#27;[1m"Pet deleted"&amp#27;[0m                                        &amp#27;[90m# codechallenge.be.cucumber.serenityDefinitions.DeletePetDefinition.deleteApiResponseMessageAs(java.lang.String)&amp#27;[0m
]]></system-out>
    <system-err><![CDATA[[main] INFO io.cucumber.core.plugin.SerenityReporter - Running feature from file:///Users/kushwmeg/IdeaProjects/pet-store-automation/src/test/resources/features/api/DeletePet.feature
[Fatal Error] :1:1: Content is not allowed in prolog.
]]></system-err>
  </testcase>
  <testcase name="Verify if we are able to delete pet data on the basis of Id #4" classname="Validating Delete Pet API" time="1.352">
    <system-out><![CDATA[
Scenario Outline: Verify if we are able to delete pet data on the basis of Id             &amp#27;[90m# src/test/resources/features/api/DeletePet.feature:13&amp#27;[0m
  &amp#27;[32mGiven &amp#27;[0m&amp#27;[32muser sets Delete API base url &amp#27;[0m&amp#27;[32m&amp#27;[1m"base.url"&amp#27;[0m                                          &amp#27;[90m# codechallenge.be.cucumber.serenityDefinitions.DeletePetDefinition.userSetsBaseUrl(java.lang.String)&amp#27;[0m
Request method:	DELETE
Request URI:	https://petstore3.swagger.io/api/v3/pet/115
Proxy:			<none>
Request params:	<none>
Query params:	<none>
Form params:	<none>
Path params:	<none>
Headers:		accept=application/xml
				Content-Type=application/json; charset=UTF-8
Cookies:		<none>
Multiparts:		<none>
Body:			<none>
HTTP/1.1 200 OK
Date: Tue, 30 Nov 2021 10:50:45 GMT
Content-Type: application/xml
Content-Length: 11
Connection: keep-alive
Access-Control-Allow-Origin: *
Access-Control-Allow-Methods: GET, POST, DELETE, PUT
Access-Control-Allow-Headers: Content-Type, api_key, Authorization
Access-Control-Expose-Headers: Content-Disposition
Server: Jetty(9.4.9.v20180320)

Pet deleted
  &amp#27;[32mWhen &amp#27;[0m&amp#27;[32muser calls DeletePetAPI &amp#27;[0m&amp#27;[32m&amp#27;[1m"DeletePetAPI"&amp#27;[0m&amp#27;[32m with &amp#27;[0m&amp#27;[32m&amp#27;[1m"DELETE"&amp#27;[0m&amp#27;[32m http request for pet id &amp#27;[0m&amp#27;[32m&amp#27;[1m"115"&amp#27;[0m &amp#27;[90m# codechallenge.be.cucumber.serenityDefinitions.DeletePetDefinition.userCallsWithHttpRequest(java.lang.String,java.lang.String,java.lang.String)&amp#27;[0m
  &amp#27;[32mThen &amp#27;[0m&amp#27;[32mDelete Pet API call is successful with status code &amp#27;[0m&amp#27;[32m&amp#27;[1m200&amp#27;[0m                             &amp#27;[90m# codechallenge.be.cucumber.serenityDefinitions.DeletePetDefinition.getPetAPICallIsSuccessfulWithStatusCode(int)&amp#27;[0m
  &amp#27;[32mAnd &amp#27;[0m&amp#27;[32mdelete api response message as &amp#27;[0m&amp#27;[32m&amp#27;[1m"Pet deleted"&amp#27;[0m                                        &amp#27;[90m# codechallenge.be.cucumber.serenityDefinitions.DeletePetDefinition.deleteApiResponseMessageAs(java.lang.String)&amp#27;[0m
]]></system-out>
    <system-err><![CDATA[[main] INFO io.cucumber.core.plugin.SerenityReporter - Running feature from file:///Users/kushwmeg/IdeaProjects/pet-store-automation/src/test/resources/features/api/DeletePet.feature
[Fatal Error] :1:1: Content is not allowed in prolog.
]]></system-err>
  </testcase>
  <testcase name="Verify if we are able to delete pet data on the basis of Id #5" classname="Validating Delete Pet API" time="1.515">
    <system-out><![CDATA[
Scenario Outline: Verify if we are able to delete pet data on the basis of Id             &amp#27;[90m# src/test/resources/features/api/DeletePet.feature:14&amp#27;[0m
  &amp#27;[32mGiven &amp#27;[0m&amp#27;[32muser sets Delete API base url &amp#27;[0m&amp#27;[32m&amp#27;[1m"base.url"&amp#27;[0m                                          &amp#27;[90m# codechallenge.be.cucumber.serenityDefinitions.DeletePetDefinition.userSetsBaseUrl(java.lang.String)&amp#27;[0m
Request method:	DELETE
Request URI:	https://petstore3.swagger.io/api/v3/pet/119
Proxy:			<none>
Request params:	<none>
Query params:	<none>
Form params:	<none>
Path params:	<none>
Headers:		accept=application/xml
				Content-Type=application/json; charset=UTF-8
Cookies:		<none>
Multiparts:		<none>
Body:			<none>
HTTP/1.1 200 OK
Date: Tue, 30 Nov 2021 10:50:46 GMT
Content-Type: application/xml
Content-Length: 11
Connection: keep-alive
Access-Control-Allow-Origin: *
Access-Control-Allow-Methods: GET, POST, DELETE, PUT
Access-Control-Allow-Headers: Content-Type, api_key, Authorization
Access-Control-Expose-Headers: Content-Disposition
Server: Jetty(9.4.9.v20180320)

Pet deleted
  &amp#27;[32mWhen &amp#27;[0m&amp#27;[32muser calls DeletePetAPI &amp#27;[0m&amp#27;[32m&amp#27;[1m"DeletePetAPI"&amp#27;[0m&amp#27;[32m with &amp#27;[0m&amp#27;[32m&amp#27;[1m"DELETE"&amp#27;[0m&amp#27;[32m http request for pet id &amp#27;[0m&amp#27;[32m&amp#27;[1m"119"&amp#27;[0m &amp#27;[90m# codechallenge.be.cucumber.serenityDefinitions.DeletePetDefinition.userCallsWithHttpRequest(java.lang.String,java.lang.String,java.lang.String)&amp#27;[0m
  &amp#27;[32mThen &amp#27;[0m&amp#27;[32mDelete Pet API call is successful with status code &amp#27;[0m&amp#27;[32m&amp#27;[1m200&amp#27;[0m                             &amp#27;[90m# codechallenge.be.cucumber.serenityDefinitions.DeletePetDefinition.getPetAPICallIsSuccessfulWithStatusCode(int)&amp#27;[0m
  &amp#27;[32mAnd &amp#27;[0m&amp#27;[32mdelete api response message as &amp#27;[0m&amp#27;[32m&amp#27;[1m"Pet deleted"&amp#27;[0m                                        &amp#27;[90m# codechallenge.be.cucumber.serenityDefinitions.DeletePetDefinition.deleteApiResponseMessageAs(java.lang.String)&amp#27;[0m
]]></system-out>
    <system-err><![CDATA[[main] INFO io.cucumber.core.plugin.SerenityReporter - Running feature from file:///Users/kushwmeg/IdeaProjects/pet-store-automation/src/test/resources/features/api/DeletePet.feature
[Fatal Error] :1:1: Content is not allowed in prolog.
]]></system-err>
  </testcase>
  <testcase name="Verify if we are able to delete pet data on the basis of Id #6" classname="Validating Delete Pet API" time="1.432">
    <system-out><![CDATA[
Scenario Outline: Verify if we are able to delete pet data on the basis of Id            &amp#27;[90m# src/test/resources/features/api/DeletePet.feature:15&amp#27;[0m
  &amp#27;[32mGiven &amp#27;[0m&amp#27;[32muser sets Delete API base url &amp#27;[0m&amp#27;[32m&amp#27;[1m"base.url"&amp#27;[0m                                         &amp#27;[90m# codechallenge.be.cucumber.serenityDefinitions.DeletePetDefinition.userSetsBaseUrl(java.lang.String)&amp#27;[0m
Request method:	DELETE
Request URI:	https://petstore3.swagger.io/api/v3/pet/44
Proxy:			<none>
Request params:	<none>
Query params:	<none>
Form params:	<none>
Path params:	<none>
Headers:		accept=application/xml
				Content-Type=application/json; charset=UTF-8
Cookies:		<none>
Multiparts:		<none>
Body:			<none>
HTTP/1.1 200 OK
Date: Tue, 30 Nov 2021 10:50:48 GMT
Content-Type: application/xml
Content-Length: 11
Connection: keep-alive
Access-Control-Allow-Origin: *
Access-Control-Allow-Methods: GET, POST, DELETE, PUT
Access-Control-Allow-Headers: Content-Type, api_key, Authorization
Access-Control-Expose-Headers: Content-Disposition
Server: Jetty(9.4.9.v20180320)

Pet deleted
  &amp#27;[32mWhen &amp#27;[0m&amp#27;[32muser calls DeletePetAPI &amp#27;[0m&amp#27;[32m&amp#27;[1m"DeletePetAPI"&amp#27;[0m&amp#27;[32m with &amp#27;[0m&amp#27;[32m&amp#27;[1m"DELETE"&amp#27;[0m&amp#27;[32m http request for pet id &amp#27;[0m&amp#27;[32m&amp#27;[1m"44"&amp#27;[0m &amp#27;[90m# codechallenge.be.cucumber.serenityDefinitions.DeletePetDefinition.userCallsWithHttpRequest(java.lang.String,java.lang.String,java.lang.String)&amp#27;[0m
  &amp#27;[32mThen &amp#27;[0m&amp#27;[32mDelete Pet API call is successful with status code &amp#27;[0m&amp#27;[32m&amp#27;[1m200&amp#27;[0m                            &amp#27;[90m# codechallenge.be.cucumber.serenityDefinitions.DeletePetDefinition.getPetAPICallIsSuccessfulWithStatusCode(int)&amp#27;[0m
  &amp#27;[32mAnd &amp#27;[0m&amp#27;[32mdelete api response message as &amp#27;[0m&amp#27;[32m&amp#27;[1m"Pet deleted"&amp#27;[0m                                       &amp#27;[90m# codechallenge.be.cucumber.serenityDefinitions.DeletePetDefinition.deleteApiResponseMessageAs(java.lang.String)&amp#27;[0m
]]></system-out>
    <system-err><![CDATA[[main] INFO io.cucumber.core.plugin.SerenityReporter - Running feature from file:///Users/kushwmeg/IdeaProjects/pet-store-automation/src/test/resources/features/api/DeletePet.feature
[Fatal Error] :1:1: Content is not allowed in prolog.
]]></system-err>
  </testcase>
  <testcase name="Verify if we are able to delete pet data on the basis of Id #7" classname="Validating Delete Pet API" time="1.535">
    <system-out><![CDATA[
Scenario Outline: Verify if we are able to delete pet data on the basis of Id             &amp#27;[90m# src/test/resources/features/api/DeletePet.feature:16&amp#27;[0m
  &amp#27;[32mGiven &amp#27;[0m&amp#27;[32muser sets Delete API base url &amp#27;[0m&amp#27;[32m&amp#27;[1m"base.url"&amp#27;[0m                                          &amp#27;[90m# codechallenge.be.cucumber.serenityDefinitions.DeletePetDefinition.userSetsBaseUrl(java.lang.String)&amp#27;[0m
Request method:	DELETE
Request URI:	https://petstore3.swagger.io/api/v3/pet/164
Proxy:			<none>
Request params:	<none>
Query params:	<none>
Form params:	<none>
Path params:	<none>
Headers:		accept=application/xml
				Content-Type=application/json; charset=UTF-8
Cookies:		<none>
Multiparts:		<none>
Body:			<none>
HTTP/1.1 200 OK
Date: Tue, 30 Nov 2021 10:50:49 GMT
Content-Type: application/xml
Content-Length: 11
Connection: keep-alive
Access-Control-Allow-Origin: *
Access-Control-Allow-Methods: GET, POST, DELETE, PUT
Access-Control-Allow-Headers: Content-Type, api_key, Authorization
Access-Control-Expose-Headers: Content-Disposition
Server: Jetty(9.4.9.v20180320)

Pet deleted
  &amp#27;[32mWhen &amp#27;[0m&amp#27;[32muser calls DeletePetAPI &amp#27;[0m&amp#27;[32m&amp#27;[1m"DeletePetAPI"&amp#27;[0m&amp#27;[32m with &amp#27;[0m&amp#27;[32m&amp#27;[1m"DELETE"&amp#27;[0m&amp#27;[32m http request for pet id &amp#27;[0m&amp#27;[32m&amp#27;[1m"164"&amp#27;[0m &amp#27;[90m# codechallenge.be.cucumber.serenityDefinitions.DeletePetDefinition.userCallsWithHttpRequest(java.lang.String,java.lang.String,java.lang.String)&amp#27;[0m
  &amp#27;[32mThen &amp#27;[0m&amp#27;[32mDelete Pet API call is successful with status code &amp#27;[0m&amp#27;[32m&amp#27;[1m200&amp#27;[0m                             &amp#27;[90m# codechallenge.be.cucumber.serenityDefinitions.DeletePetDefinition.getPetAPICallIsSuccessfulWithStatusCode(int)&amp#27;[0m
  &amp#27;[32mAnd &amp#27;[0m&amp#27;[32mdelete api response message as &amp#27;[0m&amp#27;[32m&amp#27;[1m"Pet deleted"&amp#27;[0m                                        &amp#27;[90m# codechallenge.be.cucumber.serenityDefinitions.DeletePetDefinition.deleteApiResponseMessageAs(java.lang.String)&amp#27;[0m
]]></system-out>
    <system-err><![CDATA[[main] INFO io.cucumber.core.plugin.SerenityReporter - Running feature from file:///Users/kushwmeg/IdeaProjects/pet-store-automation/src/test/resources/features/api/DeletePet.feature
[Fatal Error] :1:1: Content is not allowed in prolog.
]]></system-err>
  </testcase>
  <testcase name="Verify if the pet data was deleted by doing a get call on the basis of Id #1" classname="Validating Delete Pet API" time="1.536">
    <system-out><![CDATA[
Scenario Outline: Verify if the pet data was deleted by doing a get call on the basis of Id &amp#27;[90m# src/test/resources/features/api/DeletePet.feature:26&amp#27;[0m
  &amp#27;[32mGiven &amp#27;[0m&amp#27;[32muser sets base url &amp#27;[0m&amp#27;[32m&amp#27;[1m"base.url"&amp#27;[0m                                                       &amp#27;[90m# codechallenge.be.cucumber.serenityDefinitions.GetPetDefinition.userSetsBaseUrl(java.lang.String)&amp#27;[0m
Request method:	GET
Request URI:	https://petstore3.swagger.io/api/v3/pet/121
Proxy:			<none>
Request params:	<none>
Query params:	<none>
Form params:	<none>
Path params:	<none>
Headers:		accept=application/xml
				Content-Type=application/json; charset=UTF-8
Cookies:		<none>
Multiparts:		<none>
Body:			<none>
HTTP/1.1 404 Not Found
Date: Tue, 30 Nov 2021 10:50:51 GMT
Content-Type: application/xml
Content-Length: 13
Connection: keep-alive
Access-Control-Allow-Origin: *
Access-Control-Allow-Methods: GET, POST, DELETE, PUT
Access-Control-Allow-Headers: Content-Type, api_key, Authorization
Access-Control-Expose-Headers: Content-Disposition
Server: Jetty(9.4.9.v20180320)

Pet not found
  &amp#27;[32mWhen &amp#27;[0m&amp#27;[32muser calls GetPetAPI &amp#27;[0m&amp#27;[32m&amp#27;[1m"FindPetById"&amp#27;[0m&amp#27;[32m with &amp#27;[0m&amp#27;[32m&amp#27;[1m"GET"&amp#27;[0m&amp#27;[32m http request for pet id &amp#27;[0m&amp#27;[32m&amp#27;[1m"121"&amp#27;[0m          &amp#27;[90m# codechallenge.be.cucumber.serenityDefinitions.GetPetDefinition.userCallsWithHttpRequest(java.lang.String,java.lang.String,java.lang.String)&amp#27;[0m
  &amp#27;[32mThen &amp#27;[0m&amp#27;[32mGet Pet API call is successful with status code &amp#27;[0m&amp#27;[32m&amp#27;[1m404&amp#27;[0m                                  &amp#27;[90m# codechallenge.be.cucumber.serenityDefinitions.GetPetDefinition.getPetAPICallIsSuccessfulWithStatusCode(int)&amp#27;[0m
  &amp#27;[32mAnd &amp#27;[0m&amp#27;[32mresponse message as &amp#27;[0m&amp#27;[32m&amp#27;[1m"Pet not found"&amp#27;[0m                                                   &amp#27;[90m# codechallenge.be.cucumber.serenityDefinitions.GetPetDefinition.responseMessageAs(java.lang.String)&amp#27;[0m
]]></system-out>
    <system-err><![CDATA[[main] INFO io.cucumber.core.plugin.SerenityReporter - Running feature from file:///Users/kushwmeg/IdeaProjects/pet-store-automation/src/test/resources/features/api/DeletePet.feature
[main] INFO  - 
 _____ _____ ____ _____   ____ _____  _    ____ _____ _____ ____  
|_   _| ____/ ___|_   _| / ___|_   _|/ \  |  _ \_   _| ____|  _ \ 
  | | |  _| \___ \ | |   \___ \ | | / _ \ | |_) || | |  _| | | | |
  | | | |___ ___) || |    ___) || |/ ___ \|  _ < | | | |___| |_| |
  |_| |_____|____/ |_|   |____/ |_/_/   \_\_| \_\|_| |_____|____/ 

Verify if the pet data was deleted by doing a get call on the basis of Id(validating-delete-pet-api;verify-if-the-pet-data-was-deleted-by-doing-a-get-call-on-the-basis-of-id)
-------------------------------------------------------------------
[Fatal Error] :1:1: Content is not allowed in prolog.
[main] INFO  - &amp#27;[92m
        __    _____ _____ ____ _____   ____   _    ____  ____  _____ ____  
  _     \ \  |_   _| ____/ ___|_   _| |  _ \ / \  / ___|/ ___|| ____|  _ \ 
 (_)_____| |   | | |  _| \___ \ | |   | |_) / _ \ \___ \\___ \|  _| | | | |
  _|_____| |   | | | |___ ___) || |   |  __/ ___ \ ___) |___) | |___| |_| |
 (_)     | |   |_| |_____|____/ |_|   |_| /_/   \_\____/|____/|_____|____/ 
        /_/                                                                

Verify if the pet data was deleted by doing a get call on the basis of Id
----------------------------------------------------------------------------&amp#27;[0m
]]></system-err>
  </testcase>
  <testcase name="Verify if the pet data was deleted by doing a get call on the basis of Id #2" classname="Validating Delete Pet API" time="1.639">
    <system-out><![CDATA[
Scenario Outline: Verify if the pet data was deleted by doing a get call on the basis of Id &amp#27;[90m# src/test/resources/features/api/DeletePet.feature:27&amp#27;[0m
  &amp#27;[32mGiven &amp#27;[0m&amp#27;[32muser sets base url &amp#27;[0m&amp#27;[32m&amp#27;[1m"base.url"&amp#27;[0m                                                       &amp#27;[90m# codechallenge.be.cucumber.serenityDefinitions.GetPetDefinition.userSetsBaseUrl(java.lang.String)&amp#27;[0m
Request method:	GET
Request URI:	https://petstore3.swagger.io/api/v3/pet/11
Proxy:			<none>
Request params:	<none>
Query params:	<none>
Form params:	<none>
Path params:	<none>
Headers:		accept=application/xml
				Content-Type=application/json; charset=UTF-8
Cookies:		<none>
Multiparts:		<none>
Body:			<none>
HTTP/1.1 404 Not Found
Date: Tue, 30 Nov 2021 10:50:52 GMT
Content-Type: application/xml
Content-Length: 13
Connection: keep-alive
Access-Control-Allow-Origin: *
Access-Control-Allow-Methods: GET, POST, DELETE, PUT
Access-Control-Allow-Headers: Content-Type, api_key, Authorization
Access-Control-Expose-Headers: Content-Disposition
Server: Jetty(9.4.9.v20180320)

Pet not found
  &amp#27;[32mWhen &amp#27;[0m&amp#27;[32muser calls GetPetAPI &amp#27;[0m&amp#27;[32m&amp#27;[1m"FindPetById"&amp#27;[0m&amp#27;[32m with &amp#27;[0m&amp#27;[32m&amp#27;[1m"GET"&amp#27;[0m&amp#27;[32m http request for pet id &amp#27;[0m&amp#27;[32m&amp#27;[1m"11"&amp#27;[0m           &amp#27;[90m# codechallenge.be.cucumber.serenityDefinitions.GetPetDefinition.userCallsWithHttpRequest(java.lang.String,java.lang.String,java.lang.String)&amp#27;[0m
  &amp#27;[32mThen &amp#27;[0m&amp#27;[32mGet Pet API call is successful with status code &amp#27;[0m&amp#27;[32m&amp#27;[1m404&amp#27;[0m                                  &amp#27;[90m# codechallenge.be.cucumber.serenityDefinitions.GetPetDefinition.getPetAPICallIsSuccessfulWithStatusCode(int)&amp#27;[0m
  &amp#27;[32mAnd &amp#27;[0m&amp#27;[32mresponse message as &amp#27;[0m&amp#27;[32m&amp#27;[1m"Pet not found"&amp#27;[0m                                                   &amp#27;[90m# codechallenge.be.cucumber.serenityDefinitions.GetPetDefinition.responseMessageAs(java.lang.String)&amp#27;[0m
]]></system-out>
    <system-err><![CDATA[[main] INFO io.cucumber.core.plugin.SerenityReporter - Running feature from file:///Users/kushwmeg/IdeaProjects/pet-store-automation/src/test/resources/features/api/DeletePet.feature
[Fatal Error] :1:1: Content is not allowed in prolog.
[main] INFO  - &amp#27;[92m
        __    _____ _____ ____ _____   ____   _    ____  ____  _____ ____  
  _     \ \  |_   _| ____/ ___|_   _| |  _ \ / \  / ___|/ ___|| ____|  _ \ 
 (_)_____| |   | | |  _| \___ \ | |   | |_) / _ \ \___ \\___ \|  _| | | | |
  _|_____| |   | | | |___ ___) || |   |  __/ ___ \ ___) |___) | |___| |_| |
 (_)     | |   |_| |_____|____/ |_|   |_| /_/   \_\____/|____/|_____|____/ 
        /_/                                                                

Verify if the pet data was deleted by doing a get call on the basis of Id
----------------------------------------------------------------------------&amp#27;[0m
]]></system-err>
  </testcase>
  <testcase name="Verify if the pet data was deleted by doing a get call on the basis of Id #3" classname="Validating Delete Pet API" time="1.376">
    <system-out><![CDATA[
Scenario Outline: Verify if the pet data was deleted by doing a get call on the basis of Id &amp#27;[90m# src/test/resources/features/api/DeletePet.feature:28&amp#27;[0m
  &amp#27;[32mGiven &amp#27;[0m&amp#27;[32muser sets base url &amp#27;[0m&amp#27;[32m&amp#27;[1m"base.url"&amp#27;[0m                                                       &amp#27;[90m# codechallenge.be.cucumber.serenityDefinitions.GetPetDefinition.userSetsBaseUrl(java.lang.String)&amp#27;[0m
Request method:	GET
Request URI:	https://petstore3.swagger.io/api/v3/pet/132
Proxy:			<none>
Request params:	<none>
Query params:	<none>
Form params:	<none>
Path params:	<none>
Headers:		accept=application/xml
				Content-Type=application/json; charset=UTF-8
Cookies:		<none>
Multiparts:		<none>
Body:			<none>
HTTP/1.1 404 Not Found
Date: Tue, 30 Nov 2021 10:50:54 GMT
Content-Type: application/xml
Content-Length: 13
Connection: keep-alive
Access-Control-Allow-Origin: *
Access-Control-Allow-Methods: GET, POST, DELETE, PUT
Access-Control-Allow-Headers: Content-Type, api_key, Authorization
Access-Control-Expose-Headers: Content-Disposition
Server: Jetty(9.4.9.v20180320)

Pet not found
  &amp#27;[32mWhen &amp#27;[0m&amp#27;[32muser calls GetPetAPI &amp#27;[0m&amp#27;[32m&amp#27;[1m"FindPetById"&amp#27;[0m&amp#27;[32m with &amp#27;[0m&amp#27;[32m&amp#27;[1m"GET"&amp#27;[0m&amp#27;[32m http request for pet id &amp#27;[0m&amp#27;[32m&amp#27;[1m"132"&amp#27;[0m          &amp#27;[90m# codechallenge.be.cucumber.serenityDefinitions.GetPetDefinition.userCallsWithHttpRequest(java.lang.String,java.lang.String,java.lang.String)&amp#27;[0m
  &amp#27;[32mThen &amp#27;[0m&amp#27;[32mGet Pet API call is successful with status code &amp#27;[0m&amp#27;[32m&amp#27;[1m404&amp#27;[0m                                  &amp#27;[90m# codechallenge.be.cucumber.serenityDefinitions.GetPetDefinition.getPetAPICallIsSuccessfulWithStatusCode(int)&amp#27;[0m
  &amp#27;[32mAnd &amp#27;[0m&amp#27;[32mresponse message as &amp#27;[0m&amp#27;[32m&amp#27;[1m"Pet not found"&amp#27;[0m                                                   &amp#27;[90m# codechallenge.be.cucumber.serenityDefinitions.GetPetDefinition.responseMessageAs(java.lang.String)&amp#27;[0m
]]></system-out>
    <system-err><![CDATA[[main] INFO io.cucumber.core.plugin.SerenityReporter - Running feature from file:///Users/kushwmeg/IdeaProjects/pet-store-automation/src/test/resources/features/api/DeletePet.feature
[Fatal Error] :1:1: Content is not allowed in prolog.
]]></system-err>
  </testcase>
  <testcase name="Verify if the pet data was deleted by doing a get call on the basis of Id #4" classname="Validating Delete Pet API" time="1.287">
    <system-out><![CDATA[
Scenario Outline: Verify if the pet data was deleted by doing a get call on the basis of Id &amp#27;[90m# src/test/resources/features/api/DeletePet.feature:29&amp#27;[0m
  &amp#27;[32mGiven &amp#27;[0m&amp#27;[32muser sets base url &amp#27;[0m&amp#27;[32m&amp#27;[1m"base.url"&amp#27;[0m                                                       &amp#27;[90m# codechallenge.be.cucumber.serenityDefinitions.GetPetDefinition.userSetsBaseUrl(java.lang.String)&amp#27;[0m
Request method:	GET
Request URI:	https://petstore3.swagger.io/api/v3/pet/115
Proxy:			<none>
Request params:	<none>
Query params:	<none>
Form params:	<none>
Path params:	<none>
Headers:		accept=application/xml
				Content-Type=application/json; charset=UTF-8
Cookies:		<none>
Multiparts:		<none>
Body:			<none>
HTTP/1.1 404 Not Found
Date: Tue, 30 Nov 2021 10:50:55 GMT
Content-Type: application/xml
Content-Length: 13
Connection: keep-alive
Access-Control-Allow-Origin: *
Access-Control-Allow-Methods: GET, POST, DELETE, PUT
Access-Control-Allow-Headers: Content-Type, api_key, Authorization
Access-Control-Expose-Headers: Content-Disposition
Server: Jetty(9.4.9.v20180320)

Pet not found
  &amp#27;[32mWhen &amp#27;[0m&amp#27;[32muser calls GetPetAPI &amp#27;[0m&amp#27;[32m&amp#27;[1m"FindPetById"&amp#27;[0m&amp#27;[32m with &amp#27;[0m&amp#27;[32m&amp#27;[1m"GET"&amp#27;[0m&amp#27;[32m http request for pet id &amp#27;[0m&amp#27;[32m&amp#27;[1m"115"&amp#27;[0m          &amp#27;[90m# codechallenge.be.cucumber.serenityDefinitions.GetPetDefinition.userCallsWithHttpRequest(java.lang.String,java.lang.String,java.lang.String)&amp#27;[0m
  &amp#27;[32mThen &amp#27;[0m&amp#27;[32mGet Pet API call is successful with status code &amp#27;[0m&amp#27;[32m&amp#27;[1m404&amp#27;[0m                                  &amp#27;[90m# codechallenge.be.cucumber.serenityDefinitions.GetPetDefinition.getPetAPICallIsSuccessfulWithStatusCode(int)&amp#27;[0m
  &amp#27;[32mAnd &amp#27;[0m&amp#27;[32mresponse message as &amp#27;[0m&amp#27;[32m&amp#27;[1m"Pet not found"&amp#27;[0m                                                   &amp#27;[90m# codechallenge.be.cucumber.serenityDefinitions.GetPetDefinition.responseMessageAs(java.lang.String)&amp#27;[0m
]]></system-out>
    <system-err><![CDATA[[main] INFO io.cucumber.core.plugin.SerenityReporter - Running feature from file:///Users/kushwmeg/IdeaProjects/pet-store-automation/src/test/resources/features/api/DeletePet.feature
[Fatal Error] :1:1: Content is not allowed in prolog.
]]></system-err>
  </testcase>
  <testcase name="Verify if the pet data was deleted by doing a get call on the basis of Id #5" classname="Validating Delete Pet API" time="1.349">
    <system-out><![CDATA[
Scenario Outline: Verify if the pet data was deleted by doing a get call on the basis of Id &amp#27;[90m# src/test/resources/features/api/DeletePet.feature:30&amp#27;[0m
  &amp#27;[32mGiven &amp#27;[0m&amp#27;[32muser sets base url &amp#27;[0m&amp#27;[32m&amp#27;[1m"base.url"&amp#27;[0m                                                       &amp#27;[90m# codechallenge.be.cucumber.serenityDefinitions.GetPetDefinition.userSetsBaseUrl(java.lang.String)&amp#27;[0m
Request method:	GET
Request URI:	https://petstore3.swagger.io/api/v3/pet/119
Proxy:			<none>
Request params:	<none>
Query params:	<none>
Form params:	<none>
Path params:	<none>
Headers:		accept=application/xml
				Content-Type=application/json; charset=UTF-8
Cookies:		<none>
Multiparts:		<none>
Body:			<none>
HTTP/1.1 404 Not Found
Date: Tue, 30 Nov 2021 10:50:57 GMT
Content-Type: application/xml
Content-Length: 13
Connection: keep-alive
Access-Control-Allow-Origin: *
Access-Control-Allow-Methods: GET, POST, DELETE, PUT
Access-Control-Allow-Headers: Content-Type, api_key, Authorization
Access-Control-Expose-Headers: Content-Disposition
Server: Jetty(9.4.9.v20180320)

Pet not found
  &amp#27;[32mWhen &amp#27;[0m&amp#27;[32muser calls GetPetAPI &amp#27;[0m&amp#27;[32m&amp#27;[1m"FindPetById"&amp#27;[0m&amp#27;[32m with &amp#27;[0m&amp#27;[32m&amp#27;[1m"GET"&amp#27;[0m&amp#27;[32m http request for pet id &amp#27;[0m&amp#27;[32m&amp#27;[1m"119"&amp#27;[0m          &amp#27;[90m# codechallenge.be.cucumber.serenityDefinitions.GetPetDefinition.userCallsWithHttpRequest(java.lang.String,java.lang.String,java.lang.String)&amp#27;[0m
  &amp#27;[32mThen &amp#27;[0m&amp#27;[32mGet Pet API call is successful with status code &amp#27;[0m&amp#27;[32m&amp#27;[1m404&amp#27;[0m                                  &amp#27;[90m# codechallenge.be.cucumber.serenityDefinitions.GetPetDefinition.getPetAPICallIsSuccessfulWithStatusCode(int)&amp#27;[0m
  &amp#27;[32mAnd &amp#27;[0m&amp#27;[32mresponse message as &amp#27;[0m&amp#27;[32m&amp#27;[1m"Pet not found"&amp#27;[0m                                                   &amp#27;[90m# codechallenge.be.cucumber.serenityDefinitions.GetPetDefinition.responseMessageAs(java.lang.String)&amp#27;[0m
]]></system-out>
    <system-err><![CDATA[[main] INFO io.cucumber.core.plugin.SerenityReporter - Running feature from file:///Users/kushwmeg/IdeaProjects/pet-store-automation/src/test/resources/features/api/DeletePet.feature
[Fatal Error] :1:1: Content is not allowed in prolog.
]]></system-err>
  </testcase>
  <testcase name="Verify if the pet data was deleted by doing a get call on the basis of Id #6" classname="Validating Delete Pet API" time="1.331">
    <system-out><![CDATA[
Scenario Outline: Verify if the pet data was deleted by doing a get call on the basis of Id &amp#27;[90m# src/test/resources/features/api/DeletePet.feature:31&amp#27;[0m
  &amp#27;[32mGiven &amp#27;[0m&amp#27;[32muser sets base url &amp#27;[0m&amp#27;[32m&amp#27;[1m"base.url"&amp#27;[0m                                                       &amp#27;[90m# codechallenge.be.cucumber.serenityDefinitions.GetPetDefinition.userSetsBaseUrl(java.lang.String)&amp#27;[0m
Request method:	GET
Request URI:	https://petstore3.swagger.io/api/v3/pet/44
Proxy:			<none>
Request params:	<none>
Query params:	<none>
Form params:	<none>
Path params:	<none>
Headers:		accept=application/xml
				Content-Type=application/json; charset=UTF-8
Cookies:		<none>
Multiparts:		<none>
Body:			<none>
HTTP/1.1 404 Not Found
Date: Tue, 30 Nov 2021 10:50:58 GMT
Content-Type: application/xml
Content-Length: 13
Connection: keep-alive
Access-Control-Allow-Origin: *
Access-Control-Allow-Methods: GET, POST, DELETE, PUT
Access-Control-Allow-Headers: Content-Type, api_key, Authorization
Access-Control-Expose-Headers: Content-Disposition
Server: Jetty(9.4.9.v20180320)

Pet not found
  &amp#27;[32mWhen &amp#27;[0m&amp#27;[32muser calls GetPetAPI &amp#27;[0m&amp#27;[32m&amp#27;[1m"FindPetById"&amp#27;[0m&amp#27;[32m with &amp#27;[0m&amp#27;[32m&amp#27;[1m"GET"&amp#27;[0m&amp#27;[32m http request for pet id &amp#27;[0m&amp#27;[32m&amp#27;[1m"44"&amp#27;[0m           &amp#27;[90m# codechallenge.be.cucumber.serenityDefinitions.GetPetDefinition.userCallsWithHttpRequest(java.lang.String,java.lang.String,java.lang.String)&amp#27;[0m
  &amp#27;[32mThen &amp#27;[0m&amp#27;[32mGet Pet API call is successful with status code &amp#27;[0m&amp#27;[32m&amp#27;[1m404&amp#27;[0m                                  &amp#27;[90m# codechallenge.be.cucumber.serenityDefinitions.GetPetDefinition.getPetAPICallIsSuccessfulWithStatusCode(int)&amp#27;[0m
  &amp#27;[32mAnd &amp#27;[0m&amp#27;[32mresponse message as &amp#27;[0m&amp#27;[32m&amp#27;[1m"Pet not found"&amp#27;[0m                                                   &amp#27;[90m# codechallenge.be.cucumber.serenityDefinitions.GetPetDefinition.responseMessageAs(java.lang.String)&amp#27;[0m
]]></system-out>
    <system-err><![CDATA[[main] INFO io.cucumber.core.plugin.SerenityReporter - Running feature from file:///Users/kushwmeg/IdeaProjects/pet-store-automation/src/test/resources/features/api/DeletePet.feature
[Fatal Error] :1:1: Content is not allowed in prolog.
]]></system-err>
  </testcase>
  <testcase name="Verify if the pet data was deleted by doing a get call on the basis of Id #7" classname="Validating Delete Pet API" time="1.417">
    <system-out><![CDATA[
Scenario Outline: Verify if the pet data was deleted by doing a get call on the basis of Id &amp#27;[90m# src/test/resources/features/api/DeletePet.feature:32&amp#27;[0m
  &amp#27;[32mGiven &amp#27;[0m&amp#27;[32muser sets base url &amp#27;[0m&amp#27;[32m&amp#27;[1m"base.url"&amp#27;[0m                                                       &amp#27;[90m# codechallenge.be.cucumber.serenityDefinitions.GetPetDefinition.userSetsBaseUrl(java.lang.String)&amp#27;[0m
Request method:	GET
Request URI:	https://petstore3.swagger.io/api/v3/pet/164
Proxy:			<none>
Request params:	<none>
Query params:	<none>
Form params:	<none>
Path params:	<none>
Headers:		accept=application/xml
				Content-Type=application/json; charset=UTF-8
Cookies:		<none>
Multiparts:		<none>
Body:			<none>
HTTP/1.1 404 Not Found
Date: Tue, 30 Nov 2021 10:50:59 GMT
Content-Type: application/xml
Content-Length: 13
Connection: keep-alive
Access-Control-Allow-Origin: *
Access-Control-Allow-Methods: GET, POST, DELETE, PUT
Access-Control-Allow-Headers: Content-Type, api_key, Authorization
Access-Control-Expose-Headers: Content-Disposition
Server: Jetty(9.4.9.v20180320)

Pet not found
  &amp#27;[32mWhen &amp#27;[0m&amp#27;[32muser calls GetPetAPI &amp#27;[0m&amp#27;[32m&amp#27;[1m"FindPetById"&amp#27;[0m&amp#27;[32m with &amp#27;[0m&amp#27;[32m&amp#27;[1m"GET"&amp#27;[0m&amp#27;[32m http request for pet id &amp#27;[0m&amp#27;[32m&amp#27;[1m"164"&amp#27;[0m          &amp#27;[90m# codechallenge.be.cucumber.serenityDefinitions.GetPetDefinition.userCallsWithHttpRequest(java.lang.String,java.lang.String,java.lang.String)&amp#27;[0m
  &amp#27;[32mThen &amp#27;[0m&amp#27;[32mGet Pet API call is successful with status code &amp#27;[0m&amp#27;[32m&amp#27;[1m404&amp#27;[0m                                  &amp#27;[90m# codechallenge.be.cucumber.serenityDefinitions.GetPetDefinition.getPetAPICallIsSuccessfulWithStatusCode(int)&amp#27;[0m
  &amp#27;[32mAnd &amp#27;[0m&amp#27;[32mresponse message as &amp#27;[0m&amp#27;[32m&amp#27;[1m"Pet not found"&amp#27;[0m                                                   &amp#27;[90m# codechallenge.be.cucumber.serenityDefinitions.GetPetDefinition.responseMessageAs(java.lang.String)&amp#27;[0m
]]></system-out>
    <system-err><![CDATA[[main] INFO io.cucumber.core.plugin.SerenityReporter - Running feature from file:///Users/kushwmeg/IdeaProjects/pet-store-automation/src/test/resources/features/api/DeletePet.feature
[Fatal Error] :1:1: Content is not allowed in prolog.
]]></system-err>
  </testcase>
  <testcase name="Verify if we are not able to delete the pet data again on the basis of same Id #1" classname="Validating Delete Pet API" time="1.45">
    <failure message="expected:&lt;404&gt; but was:&lt;200&gt;" type="java.lang.AssertionError"><![CDATA[java.lang.AssertionError: expected:<404> but was:<200>
]]></failure>
    <system-out><![CDATA[
Scenario Outline: Verify if we are not able to delete the pet data again on the basis of same Id &amp#27;[90m# src/test/resources/features/api/DeletePet.feature:41&amp#27;[0m
  &amp#27;[32mGiven &amp#27;[0m&amp#27;[32muser sets Delete API base url &amp#27;[0m&amp#27;[32m&amp#27;[1m"base.url"&amp#27;[0m                                                 &amp#27;[90m# codechallenge.be.cucumber.serenityDefinitions.DeletePetDefinition.userSetsBaseUrl(java.lang.String)&amp#27;[0m
Request method:	DELETE
Request URI:	https://petstore3.swagger.io/api/v3/pet/121
Proxy:			<none>
Request params:	<none>
Query params:	<none>
Form params:	<none>
Path params:	<none>
Headers:		accept=application/xml
				Content-Type=application/json; charset=UTF-8
Cookies:		<none>
Multiparts:		<none>
Body:			<none>
HTTP/1.1 200 OK
Date: Tue, 30 Nov 2021 10:51:01 GMT
Content-Type: application/xml
Content-Length: 11
Connection: keep-alive
Access-Control-Allow-Origin: *
Access-Control-Allow-Methods: GET, POST, DELETE, PUT
Access-Control-Allow-Headers: Content-Type, api_key, Authorization
Access-Control-Expose-Headers: Content-Disposition
Server: Jetty(9.4.9.v20180320)

Pet deleted
  &amp#27;[32mWhen &amp#27;[0m&amp#27;[32muser calls DeletePetAPI &amp#27;[0m&amp#27;[32m&amp#27;[1m"DeletePetAPI"&amp#27;[0m&amp#27;[32m with &amp#27;[0m&amp#27;[32m&amp#27;[1m"DELETE"&amp#27;[0m&amp#27;[32m http request for pet id &amp#27;[0m&amp#27;[32m&amp#27;[1m"121"&amp#27;[0m        &amp#27;[90m# codechallenge.be.cucumber.serenityDefinitions.DeletePetDefinition.userCallsWithHttpRequest(java.lang.String,java.lang.String,java.lang.String)&amp#27;[0m
  &amp#27;[31mThen &amp#27;[0m&amp#27;[31mDelete Pet API call is successful with status code &amp#27;[0m&amp#27;[31m&amp#27;[1m404&amp#27;[0m                                    &amp#27;[90m# codechallenge.be.cucumber.serenityDefinitions.DeletePetDefinition.getPetAPICallIsSuccessfulWithStatusCode(int)&amp#27;[0m
      &amp#27;[31mjava.lang.AssertionError: expected:<404> but was:<200>
	at org.junit.Assert.fail(Assert.java:89)
	at org.junit.Assert.failNotEquals(Assert.java:835)
	at org.junit.Assert.assertEquals(Assert.java:647)
	at org.junit.Assert.assertEquals(Assert.java:633)
	at codechallenge.be.cucumber.serenityDefinitions.DeletePetDefinition.getPetAPICallIsSuccessfulWithStatusCode(DeletePetDefinition.java:47)
	at ✽.Delete Pet API call is successful with status code 404(file:///Users/kushwmeg/IdeaProjects/pet-store-automation/src/test/resources/features/api/DeletePet.feature:37)
&amp#27;[0m
  &amp#27;[36mAnd &amp#27;[0m&amp#27;[36mdelete api response message as &amp#27;[0m&amp#27;[36m&amp#27;[1m"Pet not found"&amp#27;[0m                                             &amp#27;[90m# codechallenge.be.cucumber.serenityDefinitions.DeletePetDefinition.deleteApiResponseMessageAs(java.lang.String)&amp#27;[0m
]]></system-out>
    <system-err><![CDATA[[main] INFO io.cucumber.core.plugin.SerenityReporter - Running feature from file:///Users/kushwmeg/IdeaProjects/pet-store-automation/src/test/resources/features/api/DeletePet.feature
[main] INFO  - 
 _____ _____ ____ _____   ____ _____  _    ____ _____ _____ ____  
|_   _| ____/ ___|_   _| / ___|_   _|/ \  |  _ \_   _| ____|  _ \ 
  | | |  _| \___ \ | |   \___ \ | | / _ \ | |_) || | |  _| | | | |
  | | | |___ ___) || |    ___) || |/ ___ \|  _ < | | | |___| |_| |
  |_| |_____|____/ |_|   |____/ |_/_/   \_\_| \_\|_| |_____|____/ 

Verify if we are not able to delete the pet data again on the basis of same Id(validating-delete-pet-api;verify-if-we-are-not-able-to-delete-the-pet-data-again-on-the-basis-of-same-id)
-------------------------------------------------------------------
[Fatal Error] :1:1: Content is not allowed in prolog.
]]></system-err>
  </testcase>
  <testcase name="Verify if we are not able to delete the pet data again on the basis of same Id #2" classname="Validating Delete Pet API" time="1.483">
    <failure message="expected:&lt;404&gt; but was:&lt;200&gt;" type="java.lang.AssertionError"><![CDATA[java.lang.AssertionError: expected:<404> but was:<200>
]]></failure>
    <system-out><![CDATA[
Scenario Outline: Verify if we are not able to delete the pet data again on the basis of same Id &amp#27;[90m# src/test/resources/features/api/DeletePet.feature:42&amp#27;[0m
  &amp#27;[32mGiven &amp#27;[0m&amp#27;[32muser sets Delete API base url &amp#27;[0m&amp#27;[32m&amp#27;[1m"base.url"&amp#27;[0m                                                 &amp#27;[90m# codechallenge.be.cucumber.serenityDefinitions.DeletePetDefinition.userSetsBaseUrl(java.lang.String)&amp#27;[0m
Request method:	DELETE
Request URI:	https://petstore3.swagger.io/api/v3/pet/11
Proxy:			<none>
Request params:	<none>
Query params:	<none>
Form params:	<none>
Path params:	<none>
Headers:		accept=application/xml
				Content-Type=application/json; charset=UTF-8
Cookies:		<none>
Multiparts:		<none>
Body:			<none>
HTTP/1.1 200 OK
Date: Tue, 30 Nov 2021 10:51:02 GMT
Content-Type: application/xml
Content-Length: 11
Connection: keep-alive
Access-Control-Allow-Origin: *
Access-Control-Allow-Methods: GET, POST, DELETE, PUT
Access-Control-Allow-Headers: Content-Type, api_key, Authorization
Access-Control-Expose-Headers: Content-Disposition
Server: Jetty(9.4.9.v20180320)

Pet deleted
  &amp#27;[32mWhen &amp#27;[0m&amp#27;[32muser calls DeletePetAPI &amp#27;[0m&amp#27;[32m&amp#27;[1m"DeletePetAPI"&amp#27;[0m&amp#27;[32m with &amp#27;[0m&amp#27;[32m&amp#27;[1m"DELETE"&amp#27;[0m&amp#27;[32m http request for pet id &amp#27;[0m&amp#27;[32m&amp#27;[1m"11"&amp#27;[0m         &amp#27;[90m# codechallenge.be.cucumber.serenityDefinitions.DeletePetDefinition.userCallsWithHttpRequest(java.lang.String,java.lang.String,java.lang.String)&amp#27;[0m
  &amp#27;[31mThen &amp#27;[0m&amp#27;[31mDelete Pet API call is successful with status code &amp#27;[0m&amp#27;[31m&amp#27;[1m404&amp#27;[0m                                    &amp#27;[90m# codechallenge.be.cucumber.serenityDefinitions.DeletePetDefinition.getPetAPICallIsSuccessfulWithStatusCode(int)&amp#27;[0m
      &amp#27;[31mjava.lang.AssertionError: expected:<404> but was:<200>
	at org.junit.Assert.fail(Assert.java:89)
	at org.junit.Assert.failNotEquals(Assert.java:835)
	at org.junit.Assert.assertEquals(Assert.java:647)
	at org.junit.Assert.assertEquals(Assert.java:633)
	at codechallenge.be.cucumber.serenityDefinitions.DeletePetDefinition.getPetAPICallIsSuccessfulWithStatusCode(DeletePetDefinition.java:47)
	at ✽.Delete Pet API call is successful with status code 404(file:///Users/kushwmeg/IdeaProjects/pet-store-automation/src/test/resources/features/api/DeletePet.feature:37)
&amp#27;[0m
  &amp#27;[36mAnd &amp#27;[0m&amp#27;[36mdelete api response message as &amp#27;[0m&amp#27;[36m&amp#27;[1m"Pet not found"&amp#27;[0m                                             &amp#27;[90m# codechallenge.be.cucumber.serenityDefinitions.DeletePetDefinition.deleteApiResponseMessageAs(java.lang.String)&amp#27;[0m
]]></system-out>
    <system-err><![CDATA[[main] ERROR  - &amp#27;[91m
           __  _____ _____ ____ _____   _____ _    ___ _     _____ ____  
  _       / / |_   _| ____/ ___|_   _| |  ___/ \  |_ _| |   | ____|  _ \ 
 (_)_____| |    | | |  _| \___ \ | |   | |_ / _ \  | || |   |  _| | | | |
  _|_____| |    | | | |___ ___) || |   |  _/ ___ \ | || |___| |___| |_| |
 (_)     | |    |_| |_____|____/ |_|   |_|/_/   \_\___|_____|_____|____/ 
          \_\                                                            

Verify if we are not able to delete the pet data again on the basis of same Id
--------------------------------------------------------------------------&amp#27;[0m
[main] ERROR  - &amp#27;[91m    Test failed at step: Then Delete Pet API call is successful with status code 404&amp#27;[0m
[main] ERROR  - &amp#27;[91m    expected:<404> but was:<200>&amp#27;[0m
[main] INFO io.cucumber.core.plugin.SerenityReporter - Running feature from file:///Users/kushwmeg/IdeaProjects/pet-store-automation/src/test/resources/features/api/DeletePet.feature
[Fatal Error] :1:1: Content is not allowed in prolog.
]]></system-err>
  </testcase>
  <testcase name="Verify if we are not able to delete the pet data again on the basis of same Id #3" classname="Validating Delete Pet API" time="1.494">
    <failure message="expected:&lt;404&gt; but was:&lt;200&gt;" type="java.lang.AssertionError"><![CDATA[java.lang.AssertionError: expected:<404> but was:<200>
]]></failure>
    <system-out><![CDATA[
Scenario Outline: Verify if we are not able to delete the pet data again on the basis of same Id &amp#27;[90m# src/test/resources/features/api/DeletePet.feature:43&amp#27;[0m
  &amp#27;[32mGiven &amp#27;[0m&amp#27;[32muser sets Delete API base url &amp#27;[0m&amp#27;[32m&amp#27;[1m"base.url"&amp#27;[0m                                                 &amp#27;[90m# codechallenge.be.cucumber.serenityDefinitions.DeletePetDefinition.userSetsBaseUrl(java.lang.String)&amp#27;[0m
Request method:	DELETE
Request URI:	https://petstore3.swagger.io/api/v3/pet/132
Proxy:			<none>
Request params:	<none>
Query params:	<none>
Form params:	<none>
Path params:	<none>
Headers:		accept=application/xml
				Content-Type=application/json; charset=UTF-8
Cookies:		<none>
Multiparts:		<none>
Body:			<none>
HTTP/1.1 200 OK
Date: Tue, 30 Nov 2021 10:51:04 GMT
Content-Type: application/xml
Content-Length: 11
Connection: keep-alive
Access-Control-Allow-Origin: *
Access-Control-Allow-Methods: GET, POST, DELETE, PUT
Access-Control-Allow-Headers: Content-Type, api_key, Authorization
Access-Control-Expose-Headers: Content-Disposition
Server: Jetty(9.4.9.v20180320)

Pet deleted
  &amp#27;[32mWhen &amp#27;[0m&amp#27;[32muser calls DeletePetAPI &amp#27;[0m&amp#27;[32m&amp#27;[1m"DeletePetAPI"&amp#27;[0m&amp#27;[32m with &amp#27;[0m&amp#27;[32m&amp#27;[1m"DELETE"&amp#27;[0m&amp#27;[32m http request for pet id &amp#27;[0m&amp#27;[32m&amp#27;[1m"132"&amp#27;[0m        &amp#27;[90m# codechallenge.be.cucumber.serenityDefinitions.DeletePetDefinition.userCallsWithHttpRequest(java.lang.String,java.lang.String,java.lang.String)&amp#27;[0m
  &amp#27;[31mThen &amp#27;[0m&amp#27;[31mDelete Pet API call is successful with status code &amp#27;[0m&amp#27;[31m&amp#27;[1m404&amp#27;[0m                                    &amp#27;[90m# codechallenge.be.cucumber.serenityDefinitions.DeletePetDefinition.getPetAPICallIsSuccessfulWithStatusCode(int)&amp#27;[0m
      &amp#27;[31mjava.lang.AssertionError: expected:<404> but was:<200>
	at org.junit.Assert.fail(Assert.java:89)
	at org.junit.Assert.failNotEquals(Assert.java:835)
	at org.junit.Assert.assertEquals(Assert.java:647)
	at org.junit.Assert.assertEquals(Assert.java:633)
	at codechallenge.be.cucumber.serenityDefinitions.DeletePetDefinition.getPetAPICallIsSuccessfulWithStatusCode(DeletePetDefinition.java:47)
	at ✽.Delete Pet API call is successful with status code 404(file:///Users/kushwmeg/IdeaProjects/pet-store-automation/src/test/resources/features/api/DeletePet.feature:37)
&amp#27;[0m
  &amp#27;[36mAnd &amp#27;[0m&amp#27;[36mdelete api response message as &amp#27;[0m&amp#27;[36m&amp#27;[1m"Pet not found"&amp#27;[0m                                             &amp#27;[90m# codechallenge.be.cucumber.serenityDefinitions.DeletePetDefinition.deleteApiResponseMessageAs(java.lang.String)&amp#27;[0m
]]></system-out>
    <system-err><![CDATA[[main] ERROR  - &amp#27;[91m
[...]
  _|_____| |   | | | |___ ___) || |   |  __/ ___ \ ___) |___) | |___| |_| |
 (_)     | |   |_| |_____|____/ |_|   |_| /_/   \_\____/|____/|_____|____/ 
        /_/                                                                

Verify if the pet data is updated successfully in database
----------------------------------------------------------------------------&amp#27;[0m
]]></system-err>
  </testcase>
  <testcase name="Verify if the pet data is updated successfully in database #2" classname="Validating Update Pet API" time="1.332">
    <system-out><![CDATA[
Scenario Outline: Verify if the pet data is updated successfully in database                      &amp#27;[90m# src/test/resources/features/api/UpdatePet.feature:12&amp#27;[0m
  &amp#27;[32mGiven &amp#27;[0m&amp#27;[32mPet Payload &amp#27;[0m&amp#27;[32m&amp#27;[1m"73"&amp#27;[0m&amp#27;[32m, &amp#27;[0m&amp#27;[32m&amp#27;[1m"maggie"&amp#27;[0m&amp#27;[32m, &amp#27;[0m&amp#27;[32m&amp#27;[1m"available"&amp#27;[0m&amp#27;[32m, &amp#27;[0m&amp#27;[32m&amp#27;[1m"1"&amp#27;[0m&amp#27;[32m, &amp#27;[0m&amp#27;[32m&amp#27;[1m"Cats"&amp#27;[0m&amp#27;[32m, &amp#27;[0m&amp#27;[32m&amp#27;[1m"0"&amp#27;[0m&amp#27;[32m, &amp#27;[0m&amp#27;[32m&amp#27;[1m"string"&amp#27;[0m&amp#27;[32m, &amp#27;[0m&amp#27;[32m&amp#27;[1m"string"&amp#27;[0m&amp#27;[32m, &amp#27;[0m&amp#27;[32m&amp#27;[1m"base.url"&amp#27;[0m &amp#27;[90m# codechallenge.be.cucumber.serenityDefinitions.PetStoreDefinition.addProductPayload(java.lang.String,java.lang.String,java.lang.String,java.lang.String,java.lang.String,java.lang.String,java.lang.String,java.lang.String,java.lang.String)&amp#27;[0m
Request method:	PUT
Request URI:	https://petstore3.swagger.io/api/v3/pet
Proxy:			<none>
Request params:	<none>
Query params:	<none>
Form params:	<none>
Path params:	<none>
Headers:		Accept=*/*
				Content-Type=application/json; charset=UTF-8
Cookies:		<none>
Multiparts:		<none>
Body:
{
    "photoUrls": [
        "string"
    ],
    "name": "maggie",
    "id": "73",
    "category": {
        "name": "Cats",
        "id": "1"
    },
    "tags": [
        {
            "name": "string",
            "id": "0"
        }
    ],
    "status": "available"
}
HTTP/1.1 200 OK
Date: Tue, 30 Nov 2021 10:51:36 GMT
Content-Type: application/json
Content-Length: 137
Connection: keep-alive
Access-Control-Allow-Origin: *
Access-Control-Allow-Methods: GET, POST, DELETE, PUT
Access-Control-Allow-Headers: Content-Type, api_key, Authorization
Access-Control-Expose-Headers: Content-Disposition
Server: Jetty(9.4.9.v20180320)

{
    "id": 73,
    "category": {
        "id": 1,
        "name": "Cats"
    },
    "name": "maggie",
    "photoUrls": [
        "string"
    ],
    "tags": [
        {
            "id": 0,
            "name": "string"
        }
    ],
    "status": "available"
}
  &amp#27;[32mWhen &amp#27;[0m&amp#27;[32muser calls &amp#27;[0m&amp#27;[32m&amp#27;[1m"UpdatePetAPI"&amp#27;[0m&amp#27;[32m with &amp#27;[0m&amp#27;[32m&amp#27;[1m"PUT"&amp#27;[0m&amp#27;[32m http request&amp#27;[0m                                          &amp#27;[90m# codechallenge.be.cucumber.serenityDefinitions.PetStoreDefinition.serCallsWithPostHttpRequest(java.lang.String,java.lang.String)&amp#27;[0m
  &amp#27;[32mThen &amp#27;[0m&amp#27;[32mthe API call is successful with status code &amp#27;[0m&amp#27;[32m&amp#27;[1m200&amp#27;[0m                                            &amp#27;[90m# codechallenge.be.cucumber.serenityDefinitions.PetStoreDefinition.theAPICallIsSuccessfulWithStatusCode(int)&amp#27;[0m
  &amp#27;[32mAnd &amp#27;[0m&amp#27;[32mchecking if the &amp#27;[0m&amp#27;[32m&amp#27;[1m"category.name"&amp#27;[0m&amp#27;[32m of the pet created is &amp#27;[0m&amp#27;[32m&amp#27;[1m"Cats"&amp#27;[0m                                &amp#27;[90m# codechallenge.be.cucumber.serenityDefinitions.PetStoreDefinition.checkingTheOfTheProductCreated(java.lang.String,java.lang.String)&amp#27;[0m
]]></system-out>
    <system-err><![CDATA[[main] INFO io.cucumber.core.plugin.SerenityReporter - Running feature from file:///Users/kushwmeg/IdeaProjects/pet-store-automation/src/test/resources/features/api/UpdatePet.feature
[main] INFO  - &amp#27;[92m
        __    _____ _____ ____ _____   ____   _    ____  ____  _____ ____  
  _     \ \  |_   _| ____/ ___|_   _| |  _ \ / \  / ___|/ ___|| ____|  _ \ 
 (_)_____| |   | | |  _| \___ \ | |   | |_) / _ \ \___ \\___ \|  _| | | | |
  _|_____| |   | | | |___ ___) || |   |  __/ ___ \ ___) |___) | |___| |_| |
 (_)     | |   |_| |_____|____/ |_|   |_| /_/   \_\____/|____/|_____|____/ 
        /_/                                                                

Verify if the pet data is updated successfully in database
----------------------------------------------------------------------------&amp#27;[0m
]]></system-err>
  </testcase>
  <testcase name="Verify if the pet data is updated successfully in database #3" classname="Validating Update Pet API" time="1.372">
    <system-out><![CDATA[
Scenario Outline: Verify if the pet data is updated successfully in database                      &amp#27;[90m# src/test/resources/features/api/UpdatePet.feature:13&amp#27;[0m
  &amp#27;[32mGiven &amp#27;[0m&amp#27;[32mPet Payload &amp#27;[0m&amp#27;[32m&amp#27;[1m"74"&amp#27;[0m&amp#27;[32m, &amp#27;[0m&amp#27;[32m&amp#27;[1m"rockie"&amp#27;[0m&amp#27;[32m, &amp#27;[0m&amp#27;[32m&amp#27;[1m"available"&amp#27;[0m&amp#27;[32m, &amp#27;[0m&amp#27;[32m&amp#27;[1m"1"&amp#27;[0m&amp#27;[32m, &amp#27;[0m&amp#27;[32m&amp#27;[1m"Cats"&amp#27;[0m&amp#27;[32m, &amp#27;[0m&amp#27;[32m&amp#27;[1m"0"&amp#27;[0m&amp#27;[32m, &amp#27;[0m&amp#27;[32m&amp#27;[1m"string"&amp#27;[0m&amp#27;[32m, &amp#27;[0m&amp#27;[32m&amp#27;[1m"string"&amp#27;[0m&amp#27;[32m, &amp#27;[0m&amp#27;[32m&amp#27;[1m"base.url"&amp#27;[0m &amp#27;[90m# codechallenge.be.cucumber.serenityDefinitions.PetStoreDefinition.addProductPayload(java.lang.String,java.lang.String,java.lang.String,java.lang.String,java.lang.String,java.lang.String,java.lang.String,java.lang.String,java.lang.String)&amp#27;[0m
Request method:	PUT
Request URI:	https://petstore3.swagger.io/api/v3/pet
Proxy:			<none>
Request params:	<none>
Query params:	<none>
Form params:	<none>
Path params:	<none>
Headers:		Accept=*/*
				Content-Type=application/json; charset=UTF-8
Cookies:		<none>
Multiparts:		<none>
Body:
{
    "photoUrls": [
        "string"
    ],
    "name": "rockie",
    "id": "74",
    "category": {
        "name": "Cats",
        "id": "1"
    },
    "tags": [
        {
            "name": "string",
            "id": "0"
        }
    ],
    "status": "available"
}
HTTP/1.1 200 OK
Date: Tue, 30 Nov 2021 10:51:37 GMT
Content-Type: application/json
Content-Length: 137
Connection: keep-alive
Access-Control-Allow-Origin: *
Access-Control-Allow-Methods: GET, POST, DELETE, PUT
Access-Control-Allow-Headers: Content-Type, api_key, Authorization
Access-Control-Expose-Headers: Content-Disposition
Server: Jetty(9.4.9.v20180320)

{
    "id": 74,
    "category": {
        "id": 1,
        "name": "Cats"
    },
    "name": "rockie",
    "photoUrls": [
        "string"
    ],
    "tags": [
        {
            "id": 0,
            "name": "string"
        }
    ],
    "status": "available"
}
  &amp#27;[32mWhen &amp#27;[0m&amp#27;[32muser calls &amp#27;[0m&amp#27;[32m&amp#27;[1m"UpdatePetAPI"&amp#27;[0m&amp#27;[32m with &amp#27;[0m&amp#27;[32m&amp#27;[1m"PUT"&amp#27;[0m&amp#27;[32m http request&amp#27;[0m                                          &amp#27;[90m# codechallenge.be.cucumber.serenityDefinitions.PetStoreDefinition.serCallsWithPostHttpRequest(java.lang.String,java.lang.String)&amp#27;[0m
  &amp#27;[32mThen &amp#27;[0m&amp#27;[32mthe API call is successful with status code &amp#27;[0m&amp#27;[32m&amp#27;[1m200&amp#27;[0m                                            &amp#27;[90m# codechallenge.be.cucumber.serenityDefinitions.PetStoreDefinition.theAPICallIsSuccessfulWithStatusCode(int)&amp#27;[0m
  &amp#27;[32mAnd &amp#27;[0m&amp#27;[32mchecking if the &amp#27;[0m&amp#27;[32m&amp#27;[1m"category.name"&amp#27;[0m&amp#27;[32m of the pet created is &amp#27;[0m&amp#27;[32m&amp#27;[1m"Cats"&amp#27;[0m                                &amp#27;[90m# codechallenge.be.cucumber.serenityDefinitions.PetStoreDefinition.checkingTheOfTheProductCreated(java.lang.String,java.lang.String)&amp#27;[0m
]]></system-out>
    <system-err><![CDATA[[main] INFO io.cucumber.core.plugin.SerenityReporter - Running feature from file:///Users/kushwmeg/IdeaProjects/pet-store-automation/src/test/resources/features/api/UpdatePet.feature
]]></system-err>
  </testcase>
  <testcase name="Verify if the pet data is updated successfully in database #4" classname="Validating Update Pet API" time="1.683">
    <system-out><![CDATA[
Scenario Outline: Verify if the pet data is updated successfully in database                      &amp#27;[90m# src/test/resources/features/api/UpdatePet.feature:14&amp#27;[0m
  &amp#27;[32mGiven &amp#27;[0m&amp#27;[32mPet Payload &amp#27;[0m&amp#27;[32m&amp#27;[1m"55"&amp#27;[0m&amp#27;[32m, &amp#27;[0m&amp#27;[32m&amp#27;[1m"sockie"&amp#27;[0m&amp#27;[32m, &amp#27;[0m&amp#27;[32m&amp#27;[1m"available"&amp#27;[0m&amp#27;[32m, &amp#27;[0m&amp#27;[32m&amp#27;[1m"1"&amp#27;[0m&amp#27;[32m, &amp#27;[0m&amp#27;[32m&amp#27;[1m"Cats"&amp#27;[0m&amp#27;[32m, &amp#27;[0m&amp#27;[32m&amp#27;[1m"0"&amp#27;[0m&amp#27;[32m, &amp#27;[0m&amp#27;[32m&amp#27;[1m"string"&amp#27;[0m&amp#27;[32m, &amp#27;[0m&amp#27;[32m&amp#27;[1m"string"&amp#27;[0m&amp#27;[32m, &amp#27;[0m&amp#27;[32m&amp#27;[1m"base.url"&amp#27;[0m &amp#27;[90m# codechallenge.be.cucumber.serenityDefinitions.PetStoreDefinition.addProductPayload(java.lang.String,java.lang.String,java.lang.String,java.lang.String,java.lang.String,java.lang.String,java.lang.String,java.lang.String,java.lang.String)&amp#27;[0m
Request method:	PUT
Request URI:	https://petstore3.swagger.io/api/v3/pet
Proxy:			<none>
Request params:	<none>
Query params:	<none>
Form params:	<none>
Path params:	<none>
Headers:		Accept=*/*
				Content-Type=application/json; charset=UTF-8
Cookies:		<none>
Multiparts:		<none>
Body:
{
    "photoUrls": [
        "string"
    ],
    "name": "sockie",
    "id": "55",
    "category": {
        "name": "Cats",
        "id": "1"
    },
    "tags": [
        {
            "name": "string",
            "id": "0"
        }
    ],
    "status": "available"
}
HTTP/1.1 200 OK
Date: Tue, 30 Nov 2021 10:51:39 GMT
Content-Type: application/json
Content-Length: 137
Connection: keep-alive
Access-Control-Allow-Origin: *
Access-Control-Allow-Methods: GET, POST, DELETE, PUT
Access-Control-Allow-Headers: Content-Type, api_key, Authorization
Access-Control-Expose-Headers: Content-Disposition
Server: Jetty(9.4.9.v20180320)

{
    "id": 55,
    "category": {
        "id": 1,
        "name": "Cats"
    },
    "name": "sockie",
    "photoUrls": [
        "string"
    ],
    "tags": [
        {
            "id": 0,
            "name": "string"
        }
    ],
    "status": "available"
}
  &amp#27;[32mWhen &amp#27;[0m&amp#27;[32muser calls &amp#27;[0m&amp#27;[32m&amp#27;[1m"UpdatePetAPI"&amp#27;[0m&amp#27;[32m with &amp#27;[0m&amp#27;[32m&amp#27;[1m"PUT"&amp#27;[0m&amp#27;[32m http request&amp#27;[0m                                          &amp#27;[90m# codechallenge.be.cucumber.serenityDefinitions.PetStoreDefinition.serCallsWithPostHttpRequest(java.lang.String,java.lang.String)&amp#27;[0m
  &amp#27;[32mThen &amp#27;[0m&amp#27;[32mthe API call is successful with status code &amp#27;[0m&amp#27;[32m&amp#27;[1m200&amp#27;[0m                                            &amp#27;[90m# codechallenge.be.cucumber.serenityDefinitions.PetStoreDefinition.theAPICallIsSuccessfulWithStatusCode(int)&amp#27;[0m
  &amp#27;[32mAnd &amp#27;[0m&amp#27;[32mchecking if the &amp#27;[0m&amp#27;[32m&amp#27;[1m"category.name"&amp#27;[0m&amp#27;[32m of the pet created is &amp#27;[0m&amp#27;[32m&amp#27;[1m"Cats"&amp#27;[0m                                &amp#27;[90m# codechallenge.be.cucumber.serenityDefinitions.PetStoreDefinition.checkingTheOfTheProductCreated(java.lang.String,java.lang.String)&amp#27;[0m
]]></system-out>
    <system-err><![CDATA[[main] INFO io.cucumber.core.plugin.SerenityReporter - Running feature from file:///Users/kushwmeg/IdeaProjects/pet-store-automation/src/test/resources/features/api/UpdatePet.feature
]]></system-err>
  </testcase>
  <testcase name="Verify if the pet data is updated successfully in database #5" classname="Validating Update Pet API" time="3.599">
    <system-out><![CDATA[
Scenario Outline: Verify if the pet data is updated successfully in database                       &amp#27;[90m# src/test/resources/features/api/UpdatePet.feature:15&amp#27;[0m
  &amp#27;[32mGiven &amp#27;[0m&amp#27;[32mPet Payload &amp#27;[0m&amp#27;[32m&amp#27;[1m"88"&amp#27;[0m&amp#27;[32m, &amp#27;[0m&amp#27;[32m&amp#27;[1m"freakie"&amp#27;[0m&amp#27;[32m, &amp#27;[0m&amp#27;[32m&amp#27;[1m"available"&amp#27;[0m&amp#27;[32m, &amp#27;[0m&amp#27;[32m&amp#27;[1m"1"&amp#27;[0m&amp#27;[32m, &amp#27;[0m&amp#27;[32m&amp#27;[1m"Cats"&amp#27;[0m&amp#27;[32m, &amp#27;[0m&amp#27;[32m&amp#27;[1m"0"&amp#27;[0m&amp#27;[32m, &amp#27;[0m&amp#27;[32m&amp#27;[1m"string"&amp#27;[0m&amp#27;[32m, &amp#27;[0m&amp#27;[32m&amp#27;[1m"string"&amp#27;[0m&amp#27;[32m, &amp#27;[0m&amp#27;[32m&amp#27;[1m"base.url"&amp#27;[0m &amp#27;[90m# codechallenge.be.cucumber.serenityDefinitions.PetStoreDefinition.addProductPayload(java.lang.String,java.lang.String,java.lang.String,java.lang.String,java.lang.String,java.lang.String,java.lang.String,java.lang.String,java.lang.String)&amp#27;[0m
Request method:	PUT
Request URI:	https://petstore3.swagger.io/api/v3/pet
Proxy:			<none>
Request params:	<none>
Query params:	<none>
Form params:	<none>
Path params:	<none>
Headers:		Accept=*/*
				Content-Type=application/json; charset=UTF-8
Cookies:		<none>
Multiparts:		<none>
Body:
{
    "photoUrls": [
        "string"
    ],
    "name": "freakie",
    "id": "88",
    "category": {
        "name": "Cats",
        "id": "1"
    },
    "tags": [
        {
            "name": "string",
            "id": "0"
        }
    ],
    "status": "available"
}
HTTP/1.1 200 OK
Date: Tue, 30 Nov 2021 10:51:43 GMT
Content-Type: application/json
Content-Length: 138
Connection: keep-alive
Access-Control-Allow-Origin: *
Access-Control-Allow-Methods: GET, POST, DELETE, PUT
Access-Control-Allow-Headers: Content-Type, api_key, Authorization
Access-Control-Expose-Headers: Content-Disposition
Server: Jetty(9.4.9.v20180320)

{
    "id": 88,
    "category": {
        "id": 1,
        "name": "Cats"
    },
    "name": "freakie",
    "photoUrls": [
        "string"
    ],
    "tags": [
        {
            "id": 0,
            "name": "string"
        }
    ],
    "status": "available"
}
  &amp#27;[32mWhen &amp#27;[0m&amp#27;[32muser calls &amp#27;[0m&amp#27;[32m&amp#27;[1m"UpdatePetAPI"&amp#27;[0m&amp#27;[32m with &amp#27;[0m&amp#27;[32m&amp#27;[1m"PUT"&amp#27;[0m&amp#27;[32m http request&amp#27;[0m                                           &amp#27;[90m# codechallenge.be.cucumber.serenityDefinitions.PetStoreDefinition.serCallsWithPostHttpRequest(java.lang.String,java.lang.String)&amp#27;[0m
  &amp#27;[32mThen &amp#27;[0m&amp#27;[32mthe API call is successful with status code &amp#27;[0m&amp#27;[32m&amp#27;[1m200&amp#27;[0m                                             &amp#27;[90m# codechallenge.be.cucumber.serenityDefinitions.PetStoreDefinition.theAPICallIsSuccessfulWithStatusCode(int)&amp#27;[0m
  &amp#27;[32mAnd &amp#27;[0m&amp#27;[32mchecking if the &amp#27;[0m&amp#27;[32m&amp#27;[1m"category.name"&amp#27;[0m&amp#27;[32m of the pet created is &amp#27;[0m&amp#27;[32m&amp#27;[1m"Cats"&amp#27;[0m                                 &amp#27;[90m# codechallenge.be.cucumber.serenityDefinitions.PetStoreDefinition.checkingTheOfTheProductCreated(java.lang.String,java.lang.String)&amp#27;[0m
]]></system-out>
    <system-err><![CDATA[[main] INFO io.cucumber.core.plugin.SerenityReporter - Running feature from file:///Users/kushwmeg/IdeaProjects/pet-store-automation/src/test/resources/features/api/UpdatePet.feature
]]></system-err>
  </testcase>
  <testcase name="Verify if the pet data is updated successfully in database #6" classname="Validating Update Pet API" time="1.536">
    <system-out><![CDATA[
Scenario Outline: Verify if the pet data is updated successfully in database                       &amp#27;[90m# src/test/resources/features/api/UpdatePet.feature:16&amp#27;[0m
  &amp#27;[32mGiven &amp#27;[0m&amp#27;[32mPet Payload &amp#27;[0m&amp#27;[32m&amp#27;[1m"102"&amp#27;[0m&amp#27;[32m, &amp#27;[0m&amp#27;[32m&amp#27;[1m"sulkie"&amp#27;[0m&amp#27;[32m, &amp#27;[0m&amp#27;[32m&amp#27;[1m"available"&amp#27;[0m&amp#27;[32m, &amp#27;[0m&amp#27;[32m&amp#27;[1m"1"&amp#27;[0m&amp#27;[32m, &amp#27;[0m&amp#27;[32m&amp#27;[1m"Cats"&amp#27;[0m&amp#27;[32m, &amp#27;[0m&amp#27;[32m&amp#27;[1m"0"&amp#27;[0m&amp#27;[32m, &amp#27;[0m&amp#27;[32m&amp#27;[1m"string"&amp#27;[0m&amp#27;[32m, &amp#27;[0m&amp#27;[32m&amp#27;[1m"string"&amp#27;[0m&amp#27;[32m, &amp#27;[0m&amp#27;[32m&amp#27;[1m"base.url"&amp#27;[0m &amp#27;[90m# codechallenge.be.cucumber.serenityDefinitions.PetStoreDefinition.addProductPayload(java.lang.String,java.lang.String,java.lang.String,java.lang.String,java.lang.String,java.lang.String,java.lang.String,java.lang.String,java.lang.String)&amp#27;[0m
Request method:	PUT
Request URI:	https://petstore3.swagger.io/api/v3/pet
Proxy:			<none>
Request params:	<none>
Query params:	<none>
Form params:	<none>
Path params:	<none>
Headers:		Accept=*/*
				Content-Type=application/json; charset=UTF-8
Cookies:		<none>
Multiparts:		<none>
Body:
{
    "photoUrls": [
        "string"
    ],
    "name": "sulkie",
    "id": "102",
    "category": {
        "name": "Cats",
        "id": "1"
    },
    "tags": [
        {
            "name": "string",
            "id": "0"
        }
    ],
    "status": "available"
}
HTTP/1.1 200 OK
Date: Tue, 30 Nov 2021 10:51:44 GMT
Content-Type: application/json
Content-Length: 138
Connection: keep-alive
Access-Control-Allow-Origin: *
Access-Control-Allow-Methods: GET, POST, DELETE, PUT
Access-Control-Allow-Headers: Content-Type, api_key, Authorization
Access-Control-Expose-Headers: Content-Disposition
Server: Jetty(9.4.9.v20180320)

{
    "id": 102,
    "category": {
        "id": 1,
        "name": "Cats"
    },
    "name": "sulkie",
    "photoUrls": [
        "string"
    ],
    "tags": [
        {
            "id": 0,
            "name": "string"
        }
    ],
    "status": "available"
}
  &amp#27;[32mWhen &amp#27;[0m&amp#27;[32muser calls &amp#27;[0m&amp#27;[32m&amp#27;[1m"UpdatePetAPI"&amp#27;[0m&amp#27;[32m with &amp#27;[0m&amp#27;[32m&amp#27;[1m"PUT"&amp#27;[0m&amp#27;[32m http request&amp#27;[0m                                           &amp#27;[90m# codechallenge.be.cucumber.serenityDefinitions.PetStoreDefinition.serCallsWithPostHttpRequest(java.lang.String,java.lang.String)&amp#27;[0m
  &amp#27;[32mThen &amp#27;[0m&amp#27;[32mthe API call is successful with status code &amp#27;[0m&amp#27;[32m&amp#27;[1m200&amp#27;[0m                                             &amp#27;[90m# codechallenge.be.cucumber.serenityDefinitions.PetStoreDefinition.theAPICallIsSuccessfulWithStatusCode(int)&amp#27;[0m
  &amp#27;[32mAnd &amp#27;[0m&amp#27;[32mchecking if the &amp#27;[0m&amp#27;[32m&amp#27;[1m"category.name"&amp#27;[0m&amp#27;[32m of the pet created is &amp#27;[0m&amp#27;[32m&amp#27;[1m"Cats"&amp#27;[0m                                 &amp#27;[90m# codechallenge.be.cucumber.serenityDefinitions.PetStoreDefinition.checkingTheOfTheProductCreated(java.lang.String,java.lang.String)&amp#27;[0m
]]></system-out>
    <system-err><![CDATA[[main] INFO io.cucumber.core.plugin.SerenityReporter - Running feature from file:///Users/kushwmeg/IdeaProjects/pet-store-automation/src/test/resources/features/api/UpdatePet.feature
]]></system-err>
  </testcase>
</testsuite>