<?xml version="1.0" encoding="UTF-8"?><testsuite errors="0" failures="0" name="Adding expense and income to monefy app and verifying if correct values are reflected" skipped="0" tests="8" time="58.82" timestamp="2021-11-29 10:36:49"><testcase name="Adding income Deposit to expense report"/><testcase name="Adding income Salary to expense report"/><testcase name="Adding income Savings to expense report"/><testcase name="Adding expense Bills to expense report"/><testcase name="Adding expense Clothes to expense report"/><testcase name="Adding expense Eating out to expense report"/><testcase name="Adding expense Health to expense report"/><testcase name="Checking total balance"/></testsuite>